C:\SRC\PYPARALLEL\PCBUILD\AMD64\PYTHONW_D.EXE
C:\SRC\PYPARALLEL\PCBUILD\AMD64\PYTHONW_D.ILK
C:\SRC\PYPARALLEL\PCBUILD\AMD64\PYTHONW_D.PDB
c:\src\pyparallel\PCbuild\x64-temp-Debug\pythonw\cl.command.1.tlog
c:\src\pyparallel\PCbuild\x64-temp-Debug\pythonw\CL.read.1.tlog
c:\src\pyparallel\PCbuild\x64-temp-Debug\pythonw\CL.write.1.tlog
c:\src\pyparallel\PCbuild\x64-temp-Debug\pythonw\link.command.1.tlog
c:\src\pyparallel\PCbuild\x64-temp-Debug\pythonw\link.read.1.tlog
c:\src\pyparallel\PCbuild\x64-temp-Debug\pythonw\link.write.1.tlog
c:\src\pyparallel\PCbuild\x64-temp-Debug\pythonw\link-cvtres.read.1.tlog
c:\src\pyparallel\PCbuild\x64-temp-Debug\pythonw\link-cvtres.write.1.tlog
c:\src\pyparallel\PCbuild\x64-temp-Debug\pythonw\mt.command.1.tlog
c:\src\pyparallel\PCbuild\x64-temp-Debug\pythonw\mt.read.1.tlog
c:\src\pyparallel\PCbuild\x64-temp-Debug\pythonw\mt.write.1.tlog
C:\SRC\PYPARALLEL\PCBUILD\X64-TEMP-DEBUG\PYTHONW\PYTHON_EXE.RES
c:\src\pyparallel\PCbuild\x64-temp-Debug\pythonw\pythonw.write.1.tlog
C:\SRC\PYPARALLEL\PCBUILD\X64-TEMP-DEBUG\PYTHONW\PYTHONW_D.EXE.INTERMEDIATE.MANIFEST
c:\src\pyparallel\PCbuild\x64-temp-Debug\pythonw\rc.command.1.tlog
c:\src\pyparallel\PCbuild\x64-temp-Debug\pythonw\rc.read.1.tlog
c:\src\pyparallel\PCbuild\x64-temp-Debug\pythonw\rc.write.1.tlog
C:\SRC\PYPARALLEL\PCBUILD\X64-TEMP-DEBUG\PYTHONW\VC100.PDB
C:\SRC\PYPARALLEL\PCBUILD\X64-TEMP-DEBUG\PYTHONW\WINMAIN.OBJ
