C:\SRC\PYPARALLEL\LIB\DISTUTILS\COMMAND\WININST-10.0-AMD64.EXE
C:\SRC\PYPARALLEL\LIB\DISTUTILS\COMMAND\WININST-9.0-AMD64.PDB
C:\SRC\PYPARALLEL\PCBUILD\X64-TEMP-RELEASE\BDIST_WININST\ADLER32.OBJ
C:\SRC\PYPARALLEL\PCBUILD\X64-TEMP-RELEASE\BDIST_WININST\BDIST_WININST.EXE.INTERMEDIATE.MANIFEST
c:\src\pyparallel\PCbuild\x64-temp-Release\bdist_wininst\bdist_wininst.write.1.tlog
c:\src\pyparallel\PCbuild\x64-temp-Release\bdist_wininst\cl.command.1.tlog
c:\src\pyparallel\PCbuild\x64-temp-Release\bdist_wininst\CL.read.1.tlog
c:\src\pyparallel\PCbuild\x64-temp-Release\bdist_wininst\CL.write.1.tlog
C:\SRC\PYPARALLEL\PCBUILD\X64-TEMP-RELEASE\BDIST_WININST\CRC32.OBJ
C:\SRC\PYPARALLEL\PCBUILD\X64-TEMP-RELEASE\BDIST_WININST\EXTRACT.OBJ
C:\SRC\PYPARALLEL\PCBUILD\X64-TEMP-RELEASE\BDIST_WININST\INFFAST.OBJ
C:\SRC\PYPARALLEL\PCBUILD\X64-TEMP-RELEASE\BDIST_WININST\INFLATE.OBJ
C:\SRC\PYPARALLEL\PCBUILD\X64-TEMP-RELEASE\BDIST_WININST\INFTREES.OBJ
C:\SRC\PYPARALLEL\PCBUILD\X64-TEMP-RELEASE\BDIST_WININST\INSTALL.OBJ
C:\SRC\PYPARALLEL\PCBUILD\X64-TEMP-RELEASE\BDIST_WININST\INSTALL.RES
c:\src\pyparallel\PCbuild\x64-temp-Release\bdist_wininst\link.command.1.tlog
c:\src\pyparallel\PCbuild\x64-temp-Release\bdist_wininst\link.read.1.tlog
c:\src\pyparallel\PCbuild\x64-temp-Release\bdist_wininst\link.write.1.tlog
c:\src\pyparallel\PCbuild\x64-temp-Release\bdist_wininst\link-cvtres.read.1.tlog
c:\src\pyparallel\PCbuild\x64-temp-Release\bdist_wininst\link-cvtres.write.1.tlog
c:\src\pyparallel\PCbuild\x64-temp-Release\bdist_wininst\mt.command.1.tlog
c:\src\pyparallel\PCbuild\x64-temp-Release\bdist_wininst\mt.read.1.tlog
c:\src\pyparallel\PCbuild\x64-temp-Release\bdist_wininst\mt.write.1.tlog
c:\src\pyparallel\PCbuild\x64-temp-Release\bdist_wininst\rc.command.1.tlog
c:\src\pyparallel\PCbuild\x64-temp-Release\bdist_wininst\rc.read.1.tlog
c:\src\pyparallel\PCbuild\x64-temp-Release\bdist_wininst\rc.write.1.tlog
C:\SRC\PYPARALLEL\PCBUILD\X64-TEMP-RELEASE\BDIST_WININST\VC100.PDB
C:\SRC\PYPARALLEL\PCBUILD\X64-TEMP-RELEASE\BDIST_WININST\ZUTIL.OBJ
