c:\src\pyparallel\PCbuild\amd64\_ctypes_d.exp
c:\src\pyparallel\PCbuild\amd64\_ctypes_d.lib
C:\SRC\PYPARALLEL\PCBUILD\AMD64\_CTYPES_D.PDB
C:\SRC\PYPARALLEL\PCBUILD\AMD64\_CTYPES_D.PYD
C:\SRC\PYPARALLEL\PCBUILD\X64-TEMP-DEBUG\_CTYPES\_CTYPES.OBJ
c:\src\pyparallel\PCbuild\x64-temp-Debug\_ctypes\_ctypes.write.1.tlog
C:\SRC\PYPARALLEL\PCBUILD\X64-TEMP-DEBUG\_CTYPES\CALLBACKS.OBJ
C:\SRC\PYPARALLEL\PCBUILD\X64-TEMP-DEBUG\_CTYPES\CALLPROC.OBJ
C:\SRC\PYPARALLEL\PCBUILD\X64-TEMP-DEBUG\_CTYPES\CFIELD.OBJ
c:\src\pyparallel\PCbuild\x64-temp-Debug\_ctypes\cl.command.1.tlog
c:\src\pyparallel\PCbuild\x64-temp-Debug\_ctypes\CL.read.1.tlog
c:\src\pyparallel\PCbuild\x64-temp-Debug\_ctypes\CL.write.1.tlog
c:\src\pyparallel\PCbuild\x64-temp-Debug\_ctypes\custombuild.command.1.tlog
c:\src\pyparallel\PCbuild\x64-temp-Debug\_ctypes\custombuild.read.1.tlog
c:\src\pyparallel\PCbuild\x64-temp-Debug\_ctypes\custombuild.write.1.tlog
C:\SRC\PYPARALLEL\PCBUILD\X64-TEMP-DEBUG\_CTYPES\FFI.OBJ
c:\src\pyparallel\PCbuild\x64-temp-Debug\_ctypes\link.command.1.tlog
c:\src\pyparallel\PCbuild\x64-temp-Debug\_ctypes\link.read.1.tlog
c:\src\pyparallel\PCbuild\x64-temp-Debug\_ctypes\link.write.1.tlog
C:\SRC\PYPARALLEL\PCBUILD\X64-TEMP-DEBUG\_CTYPES\MALLOC_CLOSURE.OBJ
C:\SRC\PYPARALLEL\PCBUILD\X64-TEMP-DEBUG\_CTYPES\PREP_CIF.OBJ
C:\SRC\PYPARALLEL\PCBUILD\X64-TEMP-DEBUG\_CTYPES\STGDICT.OBJ
C:\SRC\PYPARALLEL\PCBUILD\X64-TEMP-DEBUG\_CTYPES\VC100.PDB
C:\SRC\PYPARALLEL\PCBUILD\X64-TEMP-DEBUG\_CTYPES\WIN64.OBJ
