C:\SRC\PYPARALLEL\PCBUILD\AMD64\PYW_D.EXE
C:\SRC\PYPARALLEL\PCBUILD\AMD64\PYW_D.ILK
C:\SRC\PYPARALLEL\PCBUILD\AMD64\PYW_D.PDB
c:\src\pyparallel\PCbuild\x64-temp-Debug\pywlauncher\cl.command.1.tlog
c:\src\pyparallel\PCbuild\x64-temp-Debug\pywlauncher\CL.read.1.tlog
c:\src\pyparallel\PCbuild\x64-temp-Debug\pywlauncher\CL.write.1.tlog
C:\SRC\PYPARALLEL\PCBUILD\X64-TEMP-DEBUG\PYWLAUNCHER\LAUNCHER.OBJ
c:\src\pyparallel\PCbuild\x64-temp-Debug\pywlauncher\link.command.1.tlog
c:\src\pyparallel\PCbuild\x64-temp-Debug\pywlauncher\link.read.1.tlog
c:\src\pyparallel\PCbuild\x64-temp-Debug\pywlauncher\link.write.1.tlog
c:\src\pyparallel\PCbuild\x64-temp-Debug\pywlauncher\link-cvtres.read.1.tlog
c:\src\pyparallel\PCbuild\x64-temp-Debug\pywlauncher\link-cvtres.write.1.tlog
c:\src\pyparallel\PCbuild\x64-temp-Debug\pywlauncher\mt.command.1.tlog
c:\src\pyparallel\PCbuild\x64-temp-Debug\pywlauncher\mt.read.1.tlog
c:\src\pyparallel\PCbuild\x64-temp-Debug\pywlauncher\mt.write.1.tlog
C:\SRC\PYPARALLEL\PCBUILD\X64-TEMP-DEBUG\PYWLAUNCHER\PYLAUNCHER.RES
C:\SRC\PYPARALLEL\PCBUILD\X64-TEMP-DEBUG\PYWLAUNCHER\PYW_D.EXE.INTERMEDIATE.MANIFEST
c:\src\pyparallel\PCbuild\x64-temp-Debug\pywlauncher\pywlauncher.vcxprojResolveAssemblyReference.cache
c:\src\pyparallel\PCbuild\x64-temp-Debug\pywlauncher\pywlauncher.write.1.tlog
c:\src\pyparallel\PCbuild\x64-temp-Debug\pywlauncher\rc.command.1.tlog
c:\src\pyparallel\PCbuild\x64-temp-Debug\pywlauncher\rc.read.1.tlog
c:\src\pyparallel\PCbuild\x64-temp-Debug\pywlauncher\rc.write.1.tlog
c:\src\pyparallel\PCbuild\x64-temp-Debug\pywlauncher\vc100.idb
C:\SRC\PYPARALLEL\PCBUILD\X64-TEMP-DEBUG\PYWLAUNCHER\VC100.PDB
