Build started 8/15/2014 6:18:58 PM.
     1>Project "c:\src\pyparallel\PCbuild\pywlauncher.vcxproj" on node 3 (build target(s)).
     1>InitializeBuildStatus:
         Touching "c:\src\pyparallel\PCbuild\x64-temp-Debug\pywlauncher\pywlauncher.unsuccessfulbuild".
       ClCompile:
         All outputs are up-to-date.
       ResourceCompile:
         C:\Program Files (x86)\Microsoft SDKs\Windows\v7.0A\bin\rc.exe /D _DEBUG /l"0x0409" /I..\PC /I..\Include /nologo /fo"c:\src\pyparallel\PCbuild\x64-temp-Debug\pywlauncher\pylauncher.res" ..\PC\pylauncher.rc 
       Link:
         C:\Program Files (x86)\Microsoft Visual Studio 10.0\VC\bin\x86_amd64\link.exe /ERRORREPORT:PROMPT /OUT:"c:\src\pyparallel\PCbuild\amd64\pyw_d.exe" /NOLOGO /LIBPATH:c:\src\pyparallel\PCbuild\amd64\ version.lib kernel32.lib user32.lib gdi32.lib winspool.lib comdlg32.lib advapi32.lib shell32.lib ole32.lib oleaut32.lib uuid.lib odbc32.lib odbccp32.lib /MANIFEST /ManifestFile:"c:\src\pyparallel\PCbuild\x64-temp-Debug\pywlauncher\pyw_d.exe.intermediate.manifest" /MANIFESTUAC:"level='asInvoker' uiAccess='false'" /DEBUG /PDB:"c:\src\pyparallel\PCbuild\amd64\pyw_d.pdb" /SUBSYSTEM:WINDOWS /TLBID:1 /DYNAMICBASE:NO /IMPLIB:"c:\src\pyparallel\PCbuild\amd64\pyw_d.lib" /MACHINE:X64 "c:\src\pyparallel\PCbuild\x64-temp-Debug\pywlauncher\pylauncher.res"
         "c:\src\pyparallel\PCbuild\x64-temp-Debug\pywlauncher\launcher.obj"
         pywlauncher.vcxproj -> c:\src\pyparallel\PCbuild\amd64\pyw_d.exe
       Manifest:
         C:\Program Files (x86)\Microsoft SDKs\Windows\v7.0A\bin\mt.exe /nologo /verbose /outputresource:"c:\src\pyparallel\PCbuild\amd64\pyw_d.exe;#1" /manifest "c:\src\pyparallel\PCbuild\x64-temp-Debug\pywlauncher\pyw_d.exe.intermediate.manifest"
       FinalizeBuildStatus:
         Deleting file "c:\src\pyparallel\PCbuild\x64-temp-Debug\pywlauncher\pywlauncher.unsuccessfulbuild".
         Touching "c:\src\pyparallel\PCbuild\x64-temp-Debug\pywlauncher\pywlauncher.lastbuildstate".
     1>Done Building Project "c:\src\pyparallel\PCbuild\pywlauncher.vcxproj" (build target(s)).

Build succeeded.

Time Elapsed 00:00:00.64
