Build started 8/17/2014 9:56:12 AM.
     1>Project "C:\src\pyparallel\PCbuild\_decimal.vcxproj" on node 8 (build target(s)).
     1>InitializeBuildStatus:
         Creating "C:\src\pyparallel\PCbuild\x64-temp-Release\_decimal\_decimal.unsuccessfulbuild" because "AlwaysCreate" was specified.
       CustomBuild:
         All outputs are up-to-date.
       ClCompile:
         All outputs are up-to-date.
       Link:
         C:\Program Files (x86)\Microsoft Visual Studio 10.0\VC\bin\x86_amd64\link.exe /ERRORREPORT:PROMPT /OUT:"C:\src\pyparallel\PCbuild\amd64\_decimal.pyd" /NOLOGO /LIBPATH:C:\src\pyparallel\PCbuild\amd64\ kernel32.lib user32.lib gdi32.lib winspool.lib comdlg32.lib advapi32.lib shell32.lib ole32.lib oleaut32.lib uuid.lib odbc32.lib odbccp32.lib /MANIFEST:NO /DEBUG /PDB:"C:\src\pyparallel\PCbuild\amd64\_decimal.pdb" /LTCG /TLBID:1 /BASE:"0x1D1A0000" /DYNAMICBASE:NO /IMPLIB:"C:\src\pyparallel\PCbuild\amd64\_decimal.lib" /MACHINE:X64 /DLL "C:\src\pyparallel\PCbuild\x64-temp-Release\_decimal\vcdiv64.obj"
         "C:\src\pyparallel\PCbuild\x64-temp-Release\_decimal\_decimal.obj"
         "C:\src\pyparallel\PCbuild\x64-temp-Release\_decimal\basearith.obj"
         "C:\src\pyparallel\PCbuild\x64-temp-Release\_decimal\constants.obj"
         "C:\src\pyparallel\PCbuild\x64-temp-Release\_decimal\context.obj"
         "C:\src\pyparallel\PCbuild\x64-temp-Release\_decimal\convolute.obj"
         "C:\src\pyparallel\PCbuild\x64-temp-Release\_decimal\crt.obj"
         "C:\src\pyparallel\PCbuild\x64-temp-Release\_decimal\difradix2.obj"
         "C:\src\pyparallel\PCbuild\x64-temp-Release\_decimal\fnt.obj"
         "C:\src\pyparallel\PCbuild\x64-temp-Release\_decimal\fourstep.obj"
         "C:\src\pyparallel\PCbuild\x64-temp-Release\_decimal\io.obj"
         "C:\src\pyparallel\PCbuild\x64-temp-Release\_decimal\memory.obj"
         "C:\src\pyparallel\PCbuild\x64-temp-Release\_decimal\mpdecimal.obj"
         "C:\src\pyparallel\PCbuild\x64-temp-Release\_decimal\numbertheory.obj"
         "C:\src\pyparallel\PCbuild\x64-temp-Release\_decimal\sixstep.obj"
         "C:\src\pyparallel\PCbuild\x64-temp-Release\_decimal\transpose.obj"
         C:\src\pyparallel\PCbuild\amd64\python33.lib
            Creating library C:\src\pyparallel\PCbuild\amd64\_decimal.lib and object C:\src\pyparallel\PCbuild\amd64\_decimal.exp
         Generating code
         Finished generating code
         _decimal.vcxproj -> C:\src\pyparallel\PCbuild\amd64\_decimal.pyd
       FinalizeBuildStatus:
         Deleting file "C:\src\pyparallel\PCbuild\x64-temp-Release\_decimal\_decimal.unsuccessfulbuild".
         Touching "C:\src\pyparallel\PCbuild\x64-temp-Release\_decimal\_decimal.lastbuildstate".
     1>Done Building Project "C:\src\pyparallel\PCbuild\_decimal.vcxproj" (build target(s)).

Build succeeded.

Time Elapsed 00:00:01.68
