C:\SRC\PYPARALLEL\PCBUILD\AMD64\PYTHON_D.BSC
C:\SRC\PYPARALLEL\PCBUILD\AMD64\PYTHON_D.EXE
C:\SRC\PYPARALLEL\PCBUILD\AMD64\PYTHON_D.ILK
C:\SRC\PYPARALLEL\PCBUILD\AMD64\PYTHON_D.PDB
c:\src\pyparallel\PCbuild\x64-temp-Debug\python\BscMake.command.1.tlog
c:\src\pyparallel\PCbuild\x64-temp-Debug\python\bscmake.read.1.tlog
c:\src\pyparallel\PCbuild\x64-temp-Debug\python\bscmake.write.1.tlog
c:\src\pyparallel\PCbuild\x64-temp-Debug\python\cl.command.1.tlog
c:\src\pyparallel\PCbuild\x64-temp-Debug\python\CL.read.1.tlog
c:\src\pyparallel\PCbuild\x64-temp-Debug\python\CL.write.1.tlog
c:\src\pyparallel\PCbuild\x64-temp-Debug\python\link.command.1.tlog
c:\src\pyparallel\PCbuild\x64-temp-Debug\python\link.read.1.tlog
c:\src\pyparallel\PCbuild\x64-temp-Debug\python\link.write.1.tlog
c:\src\pyparallel\PCbuild\x64-temp-Debug\python\link-cvtres.read.1.tlog
c:\src\pyparallel\PCbuild\x64-temp-Debug\python\link-cvtres.write.1.tlog
c:\src\pyparallel\PCbuild\x64-temp-Debug\python\mt.command.1.tlog
c:\src\pyparallel\PCbuild\x64-temp-Debug\python\mt.read.1.tlog
c:\src\pyparallel\PCbuild\x64-temp-Debug\python\mt.write.1.tlog
C:\SRC\PYPARALLEL\PCBUILD\X64-TEMP-DEBUG\PYTHON\PYTHON.OBJ
C:\SRC\PYPARALLEL\PCBUILD\X64-TEMP-DEBUG\PYTHON\PYTHON.SBR
c:\src\pyparallel\PCbuild\x64-temp-Debug\python\python.write.1.tlog
C:\SRC\PYPARALLEL\PCBUILD\X64-TEMP-DEBUG\PYTHON\PYTHON_D.EXE.INTERMEDIATE.MANIFEST
C:\SRC\PYPARALLEL\PCBUILD\X64-TEMP-DEBUG\PYTHON\PYTHON_EXE.RES
c:\src\pyparallel\PCbuild\x64-temp-Debug\python\rc.command.1.tlog
c:\src\pyparallel\PCbuild\x64-temp-Debug\python\rc.read.1.tlog
c:\src\pyparallel\PCbuild\x64-temp-Debug\python\rc.write.1.tlog
C:\SRC\PYPARALLEL\PCBUILD\X64-TEMP-DEBUG\PYTHON\VC100.PDB
