Build started 8/15/2014 12:24:42 PM.
     1>Project "c:\src\pyparallel\PCbuild\kill_python.vcxproj" on node 2 (rebuild target(s)).
     1>_PrepareForClean:
         Deleting file "c:\src\pyparallel\PCbuild\x64-temp-Debug\kill_python\kill_python.lastbuildstate".
       InitializeBuildStatus:
         Creating "c:\src\pyparallel\PCbuild\x64-temp-Debug\kill_python\kill_python.unsuccessfulbuild" because "AlwaysCreate" was specified.
       ClCompile:
         C:\Program Files (x86)\Microsoft Visual Studio 10.0\VC\bin\x86_amd64\CL.exe /c /I..\Include /I..\PC /Zi /nologo /W3 /WX- /O2 /Ob1 /Oi /D _WIN64 /D _M_X64 /D _DEBUG /D _WIN32 /GF /Gm- /MT /GS- /Gy /fp:precise /Zc:wchar_t /Zc:forScope /Fo"c:\src\pyparallel\PCbuild\x64-temp-Debug\kill_python\\" /Fd"c:\src\pyparallel\PCbuild\x64-temp-Debug\kill_python\vc100.pdb" /Gd /TC /errorReport:prompt kill_python.c
         kill_python.c
       Link:
         C:\Program Files (x86)\Microsoft Visual Studio 10.0\VC\bin\x86_amd64\link.exe /ERRORREPORT:PROMPT /OUT:"c:\src\pyparallel\PCbuild\amd64\kill_python_d.exe" /NOLOGO /LIBPATH:c:\src\pyparallel\PCbuild\amd64\ kernel32.lib user32.lib gdi32.lib winspool.lib comdlg32.lib advapi32.lib shell32.lib ole32.lib oleaut32.lib uuid.lib odbc32.lib odbccp32.lib /MANIFEST /ManifestFile:"c:\src\pyparallel\PCbuild\x64-temp-Debug\kill_python\kill_python_d.exe.intermediate.manifest" /MANIFESTUAC:"level='asInvoker' uiAccess='false'" /DEBUG /PDB:"c:\src\pyparallel\PCbuild\amd64\kill_python_d.pdb" /SUBSYSTEM:CONSOLE /TLBID:1 /DYNAMICBASE:NO /IMPLIB:"c:\src\pyparallel\PCbuild\amd64\kill_python_d.lib" /MACHINE:X64 "c:\src\pyparallel\PCbuild\x64-temp-Debug\kill_python\kill_python.obj"
         kill_python.vcxproj -> c:\src\pyparallel\PCbuild\amd64\kill_python_d.exe
       Manifest:
         C:\Program Files (x86)\Microsoft SDKs\Windows\v7.0A\bin\mt.exe /nologo /verbose /outputresource:"c:\src\pyparallel\PCbuild\amd64\kill_python_d.exe;#1" /manifest "c:\src\pyparallel\PCbuild\x64-temp-Debug\kill_python\kill_python_d.exe.intermediate.manifest"
       FinalizeBuildStatus:
         Deleting file "c:\src\pyparallel\PCbuild\x64-temp-Debug\kill_python\kill_python.unsuccessfulbuild".
         Touching "c:\src\pyparallel\PCbuild\x64-temp-Debug\kill_python\kill_python.lastbuildstate".
     1>Done Building Project "c:\src\pyparallel\PCbuild\kill_python.vcxproj" (rebuild target(s)).

Build succeeded.

Time Elapsed 00:00:00.70
