Build started 8/17/2014 9:56:11 AM.
     1>Project "C:\src\pyparallel\PCbuild\_multiprocessing.vcxproj" on node 4 (build target(s)).
     1>InitializeBuildStatus:
         Creating "C:\src\pyparallel\PCbuild\x64-temp-Release\_multiprocessing\_multiprocessing.unsuccessfulbuild" because "AlwaysCreate" was specified.
       ClCompile:
         All outputs are up-to-date.
       Link:
         C:\Program Files (x86)\Microsoft Visual Studio 10.0\VC\bin\x86_amd64\link.exe /ERRORREPORT:PROMPT /OUT:"C:\src\pyparallel\PCbuild\amd64\_multiprocessing.pyd" /NOLOGO /LIBPATH:C:\src\pyparallel\PCbuild\amd64\ ws2_32.lib kernel32.lib user32.lib gdi32.lib winspool.lib comdlg32.lib advapi32.lib shell32.lib ole32.lib oleaut32.lib uuid.lib odbc32.lib odbccp32.lib /MANIFEST:NO /DEBUG /PDB:"C:\src\pyparallel\PCbuild\amd64\_multiprocessing.pdb" /SUBSYSTEM:WINDOWS /LTCG /TLBID:1 /BASE:"0x1e1D0000" /DYNAMICBASE:NO /IMPLIB:"C:\src\pyparallel\PCbuild\amd64\_multiprocessing.lib" /MACHINE:X64 /DLL "C:\src\pyparallel\PCbuild\x64-temp-Release\_multiprocessing\multiprocessing.obj"
         "C:\src\pyparallel\PCbuild\x64-temp-Release\_multiprocessing\semaphore.obj"
         C:\src\pyparallel\PCbuild\amd64\python33.lib
            Creating library C:\src\pyparallel\PCbuild\amd64\_multiprocessing.lib and object C:\src\pyparallel\PCbuild\amd64\_multiprocessing.exp
         Generating code
         Finished generating code
         _multiprocessing.vcxproj -> C:\src\pyparallel\PCbuild\amd64\_multiprocessing.pyd
       FinalizeBuildStatus:
         Deleting file "C:\src\pyparallel\PCbuild\x64-temp-Release\_multiprocessing\_multiprocessing.unsuccessfulbuild".
         Touching "C:\src\pyparallel\PCbuild\x64-temp-Release\_multiprocessing\_multiprocessing.lastbuildstate".
     1>Done Building Project "C:\src\pyparallel\PCbuild\_multiprocessing.vcxproj" (build target(s)).

Build succeeded.

Time Elapsed 00:00:00.40
