Build started 8/15/2014 11:45:41 PM.
     1>Project "c:\src\pyparallel\PCbuild\make_buildinfo.vcxproj" on node 2 (rebuild target(s)).
     1>_PrepareForClean:
         Deleting file "c:\src\pyparallel\PCbuild\Win32-temp-Release\make_buildinfo\make_buildinfo.lastbuildstate".
       InitializeBuildStatus:
         Creating "c:\src\pyparallel\PCbuild\Win32-temp-Release\make_buildinfo\make_buildinfo.unsuccessfulbuild" because "AlwaysCreate" was specified.
       ClCompile:
         C:\Program Files (x86)\Microsoft Visual Studio 10.0\VC\bin\CL.exe /c /I..\Include /I..\PC /Zi /nologo /W3 /WX- /Od /Ob1 /Oi /Oy- /D _CONSOLE /D NDEBUG /D _WIN32 /GF /Gm- /MT /GS /Gy /fp:precise /Zc:wchar_t /Zc:forScope /Fo"c:\src\pyparallel\PCbuild\Win32-temp-Release\make_buildinfo\\" /Fd"c:\src\pyparallel\PCbuild\Win32-temp-Release\make_buildinfo\vc100.pdb" /Gd /TC /analyze- /errorReport:prompt make_buildinfo.c
         make_buildinfo.c
       Link:
         C:\Program Files (x86)\Microsoft Visual Studio 10.0\VC\bin\link.exe /ERRORREPORT:PROMPT /OUT:"c:\src\pyparallel\PCbuild\make_buildinfo.exe" /INCREMENTAL:NO /NOLOGO /LIBPATH:c:\src\pyparallel\PCbuild\ kernel32.lib user32.lib gdi32.lib winspool.lib comdlg32.lib advapi32.lib shell32.lib ole32.lib oleaut32.lib uuid.lib odbc32.lib odbccp32.lib /MANIFEST /ManifestFile:"c:\src\pyparallel\PCbuild\Win32-temp-Release\make_buildinfo\make_buildinfo.exe.intermediate.manifest" /MANIFESTUAC:"level='asInvoker' uiAccess='false'" /DEBUG /PDB:"c:\src\pyparallel\PCbuild\make_buildinfo.pdb" /SUBSYSTEM:CONSOLE /TLBID:1 /DYNAMICBASE:NO /IMPLIB:"c:\src\pyparallel\PCbuild\make_buildinfo.lib" /MACHINE:X86 "c:\src\pyparallel\PCbuild\Win32-temp-Release\make_buildinfo\make_buildinfo.obj"
         make_buildinfo.vcxproj -> c:\src\pyparallel\PCbuild\make_buildinfo.exe
       Manifest:
         C:\Program Files (x86)\Microsoft SDKs\Windows\v7.0A\bin\mt.exe /nologo /verbose /outputresource:"c:\src\pyparallel\PCbuild\make_buildinfo.exe;#1" /manifest "c:\src\pyparallel\PCbuild\Win32-temp-Release\make_buildinfo\make_buildinfo.exe.intermediate.manifest"
       FinalizeBuildStatus:
         Deleting file "c:\src\pyparallel\PCbuild\Win32-temp-Release\make_buildinfo\make_buildinfo.unsuccessfulbuild".
         Touching "c:\src\pyparallel\PCbuild\Win32-temp-Release\make_buildinfo\make_buildinfo.lastbuildstate".
     1>Done Building Project "c:\src\pyparallel\PCbuild\make_buildinfo.vcxproj" (rebuild target(s)).

Build succeeded.

Time Elapsed 00:00:00.81
