Build started 8/15/2014 11:52:57 PM.
     1>Project "c:\src\pyparallel\PCbuild\pywlauncher.vcxproj" on node 3 (build target(s)).
     1>InitializeBuildStatus:
         Creating "c:\src\pyparallel\PCbuild\Win32-temp-Release\pywlauncher\pywlauncher.unsuccessfulbuild" because "AlwaysCreate" was specified.
       ClCompile:
         All outputs are up-to-date.
       ResourceCompile:
         C:\Program Files (x86)\Microsoft SDKs\Windows\v7.0A\bin\rc.exe /D _UNICODE /D UNICODE /l"0x0409" /I..\PC /I..\Include /nologo /fo"c:\src\pyparallel\PCbuild\Win32-temp-Release\pywlauncher\pylauncher.res" ..\PC\pylauncher.rc 
       Link:
         C:\Program Files (x86)\Microsoft Visual Studio 10.0\VC\bin\link.exe /ERRORREPORT:PROMPT /OUT:"c:\src\pyparallel\PCbuild\pyw.exe" /INCREMENTAL:NO /NOLOGO /LIBPATH:c:\src\pyparallel\PCbuild\ version.lib kernel32.lib user32.lib gdi32.lib winspool.lib comdlg32.lib advapi32.lib shell32.lib ole32.lib oleaut32.lib uuid.lib odbc32.lib odbccp32.lib /MANIFEST /ManifestFile:"c:\src\pyparallel\PCbuild\Win32-temp-Release\pywlauncher\pyw.exe.intermediate.manifest" /MANIFESTUAC:"level='asInvoker' uiAccess='false'" /DEBUG /PDB:"c:\src\pyparallel\PCbuild\pyw.pdb" /SUBSYSTEM:WINDOWS /OPT:REF /OPT:NOICF /LTCG /TLBID:1 /DYNAMICBASE:NO /IMPLIB:"c:\src\pyparallel\PCbuild\pyw.lib" /MACHINE:X86 "c:\src\pyparallel\PCbuild\Win32-temp-Release\pywlauncher\pylauncher.res"
         "c:\src\pyparallel\PCbuild\Win32-temp-Release\pywlauncher\launcher.obj"
         Generating code
         Finished generating code
         pywlauncher.vcxproj -> c:\src\pyparallel\PCbuild\pyw.exe
       Manifest:
         C:\Program Files (x86)\Microsoft SDKs\Windows\v7.0A\bin\mt.exe /nologo /verbose /outputresource:"c:\src\pyparallel\PCbuild\pyw.exe;#1" /manifest "c:\src\pyparallel\PCbuild\Win32-temp-Release\pywlauncher\pyw.exe.intermediate.manifest"
       FinalizeBuildStatus:
         Deleting file "c:\src\pyparallel\PCbuild\Win32-temp-Release\pywlauncher\pywlauncher.unsuccessfulbuild".
         Touching "c:\src\pyparallel\PCbuild\Win32-temp-Release\pywlauncher\pywlauncher.lastbuildstate".
     1>Done Building Project "c:\src\pyparallel\PCbuild\pywlauncher.vcxproj" (build target(s)).

Build succeeded.

Time Elapsed 00:00:00.67
