Build started 8/17/2014 9:20:04 AM.
     1>Project "C:\src\pyparallel\PCbuild\_freeze_importlib.vcxproj" on node 7 (build target(s)).
     1>InitializeBuildStatus:
         Creating "C:\src\pyparallel\PCbuild\x64-temp-Debug\_freeze_importlib\_freeze_importlib.unsuccessfulbuild" because "AlwaysCreate" was specified.
       ClCompile:
         All outputs are up-to-date.
       ManifestResourceCompile:
         All outputs are up-to-date.
       Link:
         C:\Program Files (x86)\Microsoft Visual Studio 10.0\VC\bin\x86_amd64\link.exe /ERRORREPORT:PROMPT /OUT:"C:\src\pyparallel\PCbuild\amd64\_freeze_importlib_d.exe" /INCREMENTAL /NOLOGO /LIBPATH:C:\src\pyparallel\PCbuild\amd64\ kernel32.lib user32.lib gdi32.lib winspool.lib comdlg32.lib advapi32.lib shell32.lib ole32.lib oleaut32.lib uuid.lib odbc32.lib odbccp32.lib /MANIFEST /ManifestFile:"C:\src\pyparallel\PCbuild\x64-temp-Debug\_freeze_importlib\_freeze_importlib_d.exe.intermediate.manifest" /MANIFESTUAC:"level='asInvoker' uiAccess='false'" /DEBUG /PDB:"C:\src\pyparallel\PCbuild\amd64\_freeze_importlib_d.pdb" /SUBSYSTEM:CONSOLE /TLBID:1 /DYNAMICBASE:NO /IMPLIB:"C:\src\pyparallel\PCbuild\amd64\_freeze_importlib_d.lib" /MACHINE:X64 "C:\src\pyparallel\PCbuild\x64-temp-Debug\_freeze_importlib\_freeze_importlib_d.exe.embed.manifest.res"
         "C:\src\pyparallel\PCbuild\x64-temp-Debug\_freeze_importlib\_freeze_importlib.obj"
         C:\src\pyparallel\PCbuild\amd64\python33_d.lib
         _freeze_importlib.vcxproj -> C:\src\pyparallel\PCbuild\amd64\_freeze_importlib_d.exe
       Manifest:
         C:\Program Files (x86)\Microsoft SDKs\Windows\v7.0A\bin\mt.exe /nologo /verbose /out:"C:\src\pyparallel\PCbuild\x64-temp-Debug\_freeze_importlib\_freeze_importlib_d.exe.embed.manifest" /manifest "C:\src\pyparallel\PCbuild\x64-temp-Debug\_freeze_importlib\_freeze_importlib_d.exe.intermediate.manifest"
         All outputs are up-to-date.
       LinkEmbedManifest:
         All outputs are up-to-date.
         _freeze_importlib.vcxproj -> C:\src\pyparallel\PCbuild\amd64\_freeze_importlib_d.exe
       PostBuildEvent:
         Description: creating importlib.h
         C:\src\pyparallel\PCbuild\amd64\_freeze_importlib_d.exe ..\Lib\importlib\_bootstrap.py ..\Python\importlib.h
         :VCEnd
         [8424 refs]
       FinalizeBuildStatus:
         Deleting file "C:\src\pyparallel\PCbuild\x64-temp-Debug\_freeze_importlib\_freeze_importlib.unsuccessfulbuild".
         Touching "C:\src\pyparallel\PCbuild\x64-temp-Debug\_freeze_importlib\_freeze_importlib.lastbuildstate".
     1>Done Building Project "C:\src\pyparallel\PCbuild\_freeze_importlib.vcxproj" (build target(s)).

Build succeeded.

Time Elapsed 00:00:00.97
