C:\SRC\PYPARALLEL\PCBUILD\AMD64\_FREEZE_IMPORTLIB_D.EXE
C:\SRC\PYPARALLEL\PCBUILD\AMD64\_FREEZE_IMPORTLIB_D.ILK
C:\SRC\PYPARALLEL\PCBUILD\AMD64\_FREEZE_IMPORTLIB_D.PDB
C:\SRC\PYPARALLEL\PCBUILD\X64-TEMP-DEBUG\_FREEZE_IMPORTLIB\_FREEZE_IMPORTLIB.OBJ
c:\src\pyparallel\PCbuild\x64-temp-Debug\_freeze_importlib\_freeze_importlib.write.1.tlog
C:\SRC\PYPARALLEL\PCBUILD\X64-TEMP-DEBUG\_FREEZE_IMPORTLIB\_FREEZE_IMPORTLIB_D.EXE.EMBED.MANIFEST
C:\SRC\PYPARALLEL\PCBUILD\X64-TEMP-DEBUG\_FREEZE_IMPORTLIB\_FREEZE_IMPORTLIB_D.EXE.EMBED.MANIFEST.RES
C:\SRC\PYPARALLEL\PCBUILD\X64-TEMP-DEBUG\_FREEZE_IMPORTLIB\_FREEZE_IMPORTLIB_D.EXE.INTERMEDIATE.MANIFEST
c:\src\pyparallel\PCbuild\x64-temp-Debug\_freeze_importlib\_freeze_importlib_d_manifest.rc
c:\src\pyparallel\PCbuild\x64-temp-Debug\_freeze_importlib\cl.command.1.tlog
c:\src\pyparallel\PCbuild\x64-temp-Debug\_freeze_importlib\CL.read.1.tlog
c:\src\pyparallel\PCbuild\x64-temp-Debug\_freeze_importlib\CL.write.1.tlog
c:\src\pyparallel\PCbuild\x64-temp-Debug\_freeze_importlib\link.7544.read.1.tlog
c:\src\pyparallel\PCbuild\x64-temp-Debug\_freeze_importlib\link.7544.write.1.tlog
c:\src\pyparallel\PCbuild\x64-temp-Debug\_freeze_importlib\link.7544-cvtres.read.1.tlog
c:\src\pyparallel\PCbuild\x64-temp-Debug\_freeze_importlib\link.7544-cvtres.write.1.tlog
c:\src\pyparallel\PCbuild\x64-temp-Debug\_freeze_importlib\link.command.1.tlog
c:\src\pyparallel\PCbuild\x64-temp-Debug\_freeze_importlib\link.read.1.tlog
c:\src\pyparallel\PCbuild\x64-temp-Debug\_freeze_importlib\link.write.1.tlog
c:\src\pyparallel\PCbuild\x64-temp-Debug\_freeze_importlib\link-cvtres.read.1.tlog
c:\src\pyparallel\PCbuild\x64-temp-Debug\_freeze_importlib\link-cvtres.write.1.tlog
c:\src\pyparallel\PCbuild\x64-temp-Debug\_freeze_importlib\mt.command.1.tlog
c:\src\pyparallel\PCbuild\x64-temp-Debug\_freeze_importlib\mt.read.1.tlog
c:\src\pyparallel\PCbuild\x64-temp-Debug\_freeze_importlib\mt.write.1.tlog
c:\src\pyparallel\PCbuild\x64-temp-Debug\_freeze_importlib\rc.command.1.tlog
c:\src\pyparallel\PCbuild\x64-temp-Debug\_freeze_importlib\rc.read.1.tlog
c:\src\pyparallel\PCbuild\x64-temp-Debug\_freeze_importlib\rc.write.1.tlog
c:\src\pyparallel\PCbuild\x64-temp-Debug\_freeze_importlib\vc100.idb
C:\SRC\PYPARALLEL\PCBUILD\X64-TEMP-DEBUG\_FREEZE_IMPORTLIB\VC100.PDB
