Build started 8/17/2014 9:56:12 AM.
     1>Project "C:\src\pyparallel\PCbuild\_ctypes.vcxproj" on node 6 (build target(s)).
     1>InitializeBuildStatus:
         Creating "C:\src\pyparallel\PCbuild\x64-temp-Release\_ctypes\_ctypes.unsuccessfulbuild" because "AlwaysCreate" was specified.
       CustomBuild:
         All outputs are up-to-date.
       ClCompile:
         All outputs are up-to-date.
       Link:
         C:\Program Files (x86)\Microsoft Visual Studio 10.0\VC\bin\x86_amd64\link.exe /ERRORREPORT:PROMPT /OUT:"C:\src\pyparallel\PCbuild\amd64\_ctypes.pyd" /NOLOGO /LIBPATH:C:\src\pyparallel\PCbuild\amd64\ kernel32.lib user32.lib gdi32.lib winspool.lib comdlg32.lib advapi32.lib shell32.lib ole32.lib oleaut32.lib uuid.lib odbc32.lib odbccp32.lib /MANIFEST:NO /DEBUG /PDB:"C:\src\pyparallel\PCbuild\amd64\_ctypes.pdb" /LTCG /TLBID:1 /BASE:"0x1D1A0000" /DYNAMICBASE:NO /IMPLIB:"C:\src\pyparallel\PCbuild\amd64\_ctypes.lib" /MACHINE:X64 /DLL "C:\src\pyparallel\PCbuild\x64-temp-Release\_ctypes\win64.obj"
         "C:\src\pyparallel\PCbuild\x64-temp-Release\_ctypes\_ctypes.obj"
         "C:\src\pyparallel\PCbuild\x64-temp-Release\_ctypes\callbacks.obj"
         "C:\src\pyparallel\PCbuild\x64-temp-Release\_ctypes\callproc.obj"
         "C:\src\pyparallel\PCbuild\x64-temp-Release\_ctypes\cfield.obj"
         "C:\src\pyparallel\PCbuild\x64-temp-Release\_ctypes\ffi.obj"
         "C:\src\pyparallel\PCbuild\x64-temp-Release\_ctypes\malloc_closure.obj"
         "C:\src\pyparallel\PCbuild\x64-temp-Release\_ctypes\prep_cif.obj"
         "C:\src\pyparallel\PCbuild\x64-temp-Release\_ctypes\stgdict.obj"
         C:\src\pyparallel\PCbuild\amd64\python33.lib /EXPORT:DllGetClassObject,PRIVATE /EXPORT:DllCanUnloadNow,PRIVATE 
            Creating library C:\src\pyparallel\PCbuild\amd64\_ctypes.lib and object C:\src\pyparallel\PCbuild\amd64\_ctypes.exp
         Generating code
         Finished generating code
         _ctypes.vcxproj -> C:\src\pyparallel\PCbuild\amd64\_ctypes.pyd
       FinalizeBuildStatus:
         Deleting file "C:\src\pyparallel\PCbuild\x64-temp-Release\_ctypes\_ctypes.unsuccessfulbuild".
         Touching "C:\src\pyparallel\PCbuild\x64-temp-Release\_ctypes\_ctypes.lastbuildstate".
     1>Done Building Project "C:\src\pyparallel\PCbuild\_ctypes.vcxproj" (build target(s)).

Build succeeded.

Time Elapsed 00:00:00.98
