c:\src\pyparallel\PCbuild\amd64\_decimal_d.exp
c:\src\pyparallel\PCbuild\amd64\_decimal_d.lib
C:\SRC\PYPARALLEL\PCBUILD\AMD64\_DECIMAL_D.PDB
C:\SRC\PYPARALLEL\PCBUILD\AMD64\_DECIMAL_D.PYD
C:\SRC\PYPARALLEL\PCBUILD\X64-TEMP-DEBUG\_DECIMAL\_DECIMAL.OBJ
c:\src\pyparallel\PCbuild\x64-temp-Debug\_decimal\_decimal.write.1.tlog
C:\SRC\PYPARALLEL\PCBUILD\X64-TEMP-DEBUG\_DECIMAL\BASEARITH.OBJ
c:\src\pyparallel\PCbuild\x64-temp-Debug\_decimal\cl.command.1.tlog
c:\src\pyparallel\PCbuild\x64-temp-Debug\_decimal\CL.read.1.tlog
c:\src\pyparallel\PCbuild\x64-temp-Debug\_decimal\CL.write.1.tlog
C:\SRC\PYPARALLEL\PCBUILD\X64-TEMP-DEBUG\_DECIMAL\CONSTANTS.OBJ
C:\SRC\PYPARALLEL\PCBUILD\X64-TEMP-DEBUG\_DECIMAL\CONTEXT.OBJ
C:\SRC\PYPARALLEL\PCBUILD\X64-TEMP-DEBUG\_DECIMAL\CONVOLUTE.OBJ
C:\SRC\PYPARALLEL\PCBUILD\X64-TEMP-DEBUG\_DECIMAL\CRT.OBJ
c:\src\pyparallel\PCbuild\x64-temp-Debug\_decimal\custombuild.command.1.tlog
c:\src\pyparallel\PCbuild\x64-temp-Debug\_decimal\custombuild.read.1.tlog
c:\src\pyparallel\PCbuild\x64-temp-Debug\_decimal\custombuild.write.1.tlog
C:\SRC\PYPARALLEL\PCBUILD\X64-TEMP-DEBUG\_DECIMAL\DIFRADIX2.OBJ
C:\SRC\PYPARALLEL\PCBUILD\X64-TEMP-DEBUG\_DECIMAL\FNT.OBJ
C:\SRC\PYPARALLEL\PCBUILD\X64-TEMP-DEBUG\_DECIMAL\FOURSTEP.OBJ
C:\SRC\PYPARALLEL\PCBUILD\X64-TEMP-DEBUG\_DECIMAL\IO.OBJ
c:\src\pyparallel\PCbuild\x64-temp-Debug\_decimal\link.command.1.tlog
c:\src\pyparallel\PCbuild\x64-temp-Debug\_decimal\link.read.1.tlog
c:\src\pyparallel\PCbuild\x64-temp-Debug\_decimal\link.write.1.tlog
C:\SRC\PYPARALLEL\PCBUILD\X64-TEMP-DEBUG\_DECIMAL\MEMORY.OBJ
C:\SRC\PYPARALLEL\PCBUILD\X64-TEMP-DEBUG\_DECIMAL\MPDECIMAL.OBJ
C:\SRC\PYPARALLEL\PCBUILD\X64-TEMP-DEBUG\_DECIMAL\NUMBERTHEORY.OBJ
C:\SRC\PYPARALLEL\PCBUILD\X64-TEMP-DEBUG\_DECIMAL\SIXSTEP.OBJ
C:\SRC\PYPARALLEL\PCBUILD\X64-TEMP-DEBUG\_DECIMAL\TRANSPOSE.OBJ
C:\SRC\PYPARALLEL\PCBUILD\X64-TEMP-DEBUG\_DECIMAL\VC100.PDB
C:\SRC\PYPARALLEL\PCBUILD\X64-TEMP-DEBUG\_DECIMAL\VCDIV64.OBJ
