c:\src\pyparallel\PCbuild\amd64\_sqlite3_d.exp
c:\src\pyparallel\PCbuild\amd64\_sqlite3_d.lib
C:\SRC\PYPARALLEL\PCBUILD\AMD64\_SQLITE3_D.PDB
C:\SRC\PYPARALLEL\PCBUILD\AMD64\_SQLITE3_D.PYD
c:\src\pyparallel\PCbuild\x64-temp-Debug\_sqlite3\_sqlite3.write.1.tlog
C:\SRC\PYPARALLEL\PCBUILD\X64-TEMP-DEBUG\_SQLITE3\CACHE.OBJ
c:\src\pyparallel\PCbuild\x64-temp-Debug\_sqlite3\cl.command.1.tlog
c:\src\pyparallel\PCbuild\x64-temp-Debug\_sqlite3\CL.read.1.tlog
c:\src\pyparallel\PCbuild\x64-temp-Debug\_sqlite3\CL.write.1.tlog
C:\SRC\PYPARALLEL\PCBUILD\X64-TEMP-DEBUG\_SQLITE3\CONNECTION.OBJ
C:\SRC\PYPARALLEL\PCBUILD\X64-TEMP-DEBUG\_SQLITE3\CURSOR.OBJ
c:\src\pyparallel\PCbuild\x64-temp-Debug\_sqlite3\link.command.1.tlog
c:\src\pyparallel\PCbuild\x64-temp-Debug\_sqlite3\link.read.1.tlog
c:\src\pyparallel\PCbuild\x64-temp-Debug\_sqlite3\link.write.1.tlog
C:\SRC\PYPARALLEL\PCBUILD\X64-TEMP-DEBUG\_SQLITE3\MICROPROTOCOLS.OBJ
C:\SRC\PYPARALLEL\PCBUILD\X64-TEMP-DEBUG\_SQLITE3\MODULE.OBJ
C:\SRC\PYPARALLEL\PCBUILD\X64-TEMP-DEBUG\_SQLITE3\PREPARE_PROTOCOL.OBJ
C:\SRC\PYPARALLEL\PCBUILD\X64-TEMP-DEBUG\_SQLITE3\ROW.OBJ
C:\SRC\PYPARALLEL\PCBUILD\X64-TEMP-DEBUG\_SQLITE3\STATEMENT.OBJ
C:\SRC\PYPARALLEL\PCBUILD\X64-TEMP-DEBUG\_SQLITE3\UTIL.OBJ
C:\SRC\PYPARALLEL\PCBUILD\X64-TEMP-DEBUG\_SQLITE3\VC100.PDB
