Build started 8/15/2014 10:57:18 PM.
     1>Project "c:\src\pyparallel\PCbuild\sqlite3.vcxproj" on node 3 (build target(s)).
     1>InitializeBuildStatus:
         Creating "c:\src\pyparallel\PCbuild\x64-temp-Release\sqlite3\sqlite3.unsuccessfulbuild" because "AlwaysCreate" was specified.
       ClCompile:
         C:\Program Files (x86)\Microsoft Visual Studio 10.0\VC\bin\x86_amd64\CL.exe /c /I"..\..\sqlite-3.7.12" /I..\Include /I..\PC /Zi /nologo /W1 /WX- /O2 /Ob1 /Oi /GL /D _WIN64 /D _M_X64 /D "SQLITE_API=__declspec(dllexport)" /D _WIN32 /D _WINDLL /GF /Gm- /MT /GS- /Gy /fp:precise /Zc:wchar_t /Zc:forScope /Fo"c:\src\pyparallel\PCbuild\x64-temp-Release\sqlite3\\" /Fd"c:\src\pyparallel\PCbuild\x64-temp-Release\sqlite3\vc100.pdb" /Gd /TC /errorReport:prompt "..\..\sqlite-3.7.12\sqlite3.c"
         sqlite3.c
       Link:
         C:\Program Files (x86)\Microsoft Visual Studio 10.0\VC\bin\x86_amd64\link.exe /ERRORREPORT:PROMPT /OUT:"c:\src\pyparallel\PCbuild\amd64\sqlite3.dll" /NOLOGO /LIBPATH:c:\src\pyparallel\PCbuild\amd64\ kernel32.lib user32.lib gdi32.lib winspool.lib comdlg32.lib advapi32.lib shell32.lib ole32.lib oleaut32.lib uuid.lib odbc32.lib odbccp32.lib /MANIFEST /ManifestFile:"c:\src\pyparallel\PCbuild\x64-temp-Release\sqlite3\sqlite3.dll.intermediate.manifest" /MANIFESTUAC:"level='asInvoker' uiAccess='false'" /DEBUG /PDB:"c:\src\pyparallel\PCbuild\amd64\sqlite3.pdb" /SUBSYSTEM:WINDOWS /LTCG /TLBID:1 /DYNAMICBASE:NO /IMPLIB:"c:\src\pyparallel\PCbuild\amd64\sqlite3.lib" /MACHINE:X64 /DLL "c:\src\pyparallel\PCbuild\x64-temp-Release\sqlite3\sqlite3.obj"
            Creating library c:\src\pyparallel\PCbuild\amd64\sqlite3.lib and object c:\src\pyparallel\PCbuild\amd64\sqlite3.exp
         Generating code
         Finished generating code
         sqlite3.vcxproj -> c:\src\pyparallel\PCbuild\amd64\sqlite3.dll
       Manifest:
         C:\Program Files (x86)\Microsoft SDKs\Windows\v7.0A\bin\mt.exe /nologo /verbose /outputresource:"c:\src\pyparallel\PCbuild\amd64\sqlite3.dll;#2" /manifest "c:\src\pyparallel\PCbuild\x64-temp-Release\sqlite3\sqlite3.dll.intermediate.manifest"
       FinalizeBuildStatus:
         Deleting file "c:\src\pyparallel\PCbuild\x64-temp-Release\sqlite3\sqlite3.unsuccessfulbuild".
         Touching "c:\src\pyparallel\PCbuild\x64-temp-Release\sqlite3\sqlite3.lastbuildstate".
     1>Done Building Project "c:\src\pyparallel\PCbuild\sqlite3.vcxproj" (build target(s)).

Build succeeded.

Time Elapsed 00:00:05.03
