c:\src\pyparallel\PCbuild\amd64\python33.pdb
C:\SRC\PYPARALLEL\PCBUILD\X64-TEMP-RELEASE\PYTHONCORE\_BISECTMODULE.COD
C:\SRC\PYPARALLEL\PCBUILD\X64-TEMP-RELEASE\PYTHONCORE\_BISECTMODULE.OBJ
C:\SRC\PYPARALLEL\PCBUILD\X64-TEMP-RELEASE\PYTHONCORE\_BISECTMODULE.SBR
C:\SRC\PYPARALLEL\PCBUILD\X64-TEMP-RELEASE\PYTHONCORE\_CODECS_CN.COD
C:\SRC\PYPARALLEL\PCBUILD\X64-TEMP-RELEASE\PYTHONCORE\_CODECS_CN.OBJ
C:\SRC\PYPARALLEL\PCBUILD\X64-TEMP-RELEASE\PYTHONCORE\_CODECS_CN.SBR
C:\SRC\PYPARALLEL\PCBUILD\X64-TEMP-RELEASE\PYTHONCORE\_CODECS_HK.COD
C:\SRC\PYPARALLEL\PCBUILD\X64-TEMP-RELEASE\PYTHONCORE\_CODECS_HK.OBJ
C:\SRC\PYPARALLEL\PCBUILD\X64-TEMP-RELEASE\PYTHONCORE\_CODECS_HK.SBR
C:\SRC\PYPARALLEL\PCBUILD\X64-TEMP-RELEASE\PYTHONCORE\_CODECS_ISO2022.COD
C:\SRC\PYPARALLEL\PCBUILD\X64-TEMP-RELEASE\PYTHONCORE\_CODECS_ISO2022.OBJ
C:\SRC\PYPARALLEL\PCBUILD\X64-TEMP-RELEASE\PYTHONCORE\_CODECS_ISO2022.SBR
C:\SRC\PYPARALLEL\PCBUILD\X64-TEMP-RELEASE\PYTHONCORE\_CODECS_JP.COD
C:\SRC\PYPARALLEL\PCBUILD\X64-TEMP-RELEASE\PYTHONCORE\_CODECS_JP.OBJ
C:\SRC\PYPARALLEL\PCBUILD\X64-TEMP-RELEASE\PYTHONCORE\_CODECS_JP.SBR
C:\SRC\PYPARALLEL\PCBUILD\X64-TEMP-RELEASE\PYTHONCORE\_CODECS_KR.COD
C:\SRC\PYPARALLEL\PCBUILD\X64-TEMP-RELEASE\PYTHONCORE\_CODECS_KR.OBJ
C:\SRC\PYPARALLEL\PCBUILD\X64-TEMP-RELEASE\PYTHONCORE\_CODECS_KR.SBR
C:\SRC\PYPARALLEL\PCBUILD\X64-TEMP-RELEASE\PYTHONCORE\_CODECS_TW.COD
C:\SRC\PYPARALLEL\PCBUILD\X64-TEMP-RELEASE\PYTHONCORE\_CODECS_TW.OBJ
C:\SRC\PYPARALLEL\PCBUILD\X64-TEMP-RELEASE\PYTHONCORE\_CODECS_TW.SBR
C:\SRC\PYPARALLEL\PCBUILD\X64-TEMP-RELEASE\PYTHONCORE\_CODECSMODULE.COD
C:\SRC\PYPARALLEL\PCBUILD\X64-TEMP-RELEASE\PYTHONCORE\_CODECSMODULE.OBJ
C:\SRC\PYPARALLEL\PCBUILD\X64-TEMP-RELEASE\PYTHONCORE\_CODECSMODULE.SBR
C:\SRC\PYPARALLEL\PCBUILD\X64-TEMP-RELEASE\PYTHONCORE\_COLLECTIONSMODULE.COD
C:\SRC\PYPARALLEL\PCBUILD\X64-TEMP-RELEASE\PYTHONCORE\_COLLECTIONSMODULE.OBJ
C:\SRC\PYPARALLEL\PCBUILD\X64-TEMP-RELEASE\PYTHONCORE\_COLLECTIONSMODULE.SBR
C:\SRC\PYPARALLEL\PCBUILD\X64-TEMP-RELEASE\PYTHONCORE\_CSV.COD
C:\SRC\PYPARALLEL\PCBUILD\X64-TEMP-RELEASE\PYTHONCORE\_CSV.OBJ
C:\SRC\PYPARALLEL\PCBUILD\X64-TEMP-RELEASE\PYTHONCORE\_CSV.SBR
C:\SRC\PYPARALLEL\PCBUILD\X64-TEMP-RELEASE\PYTHONCORE\_DATETIMEMODULE.COD
C:\SRC\PYPARALLEL\PCBUILD\X64-TEMP-RELEASE\PYTHONCORE\_DATETIMEMODULE.OBJ
C:\SRC\PYPARALLEL\PCBUILD\X64-TEMP-RELEASE\PYTHONCORE\_DATETIMEMODULE.SBR
C:\SRC\PYPARALLEL\PCBUILD\X64-TEMP-RELEASE\PYTHONCORE\_FUNCTOOLSMODULE.COD
C:\SRC\PYPARALLEL\PCBUILD\X64-TEMP-RELEASE\PYTHONCORE\_FUNCTOOLSMODULE.OBJ
C:\SRC\PYPARALLEL\PCBUILD\X64-TEMP-RELEASE\PYTHONCORE\_FUNCTOOLSMODULE.SBR
C:\SRC\PYPARALLEL\PCBUILD\X64-TEMP-RELEASE\PYTHONCORE\_HEAPQMODULE.COD
C:\SRC\PYPARALLEL\PCBUILD\X64-TEMP-RELEASE\PYTHONCORE\_HEAPQMODULE.OBJ
C:\SRC\PYPARALLEL\PCBUILD\X64-TEMP-RELEASE\PYTHONCORE\_HEAPQMODULE.SBR
C:\SRC\PYPARALLEL\PCBUILD\X64-TEMP-RELEASE\PYTHONCORE\_IOMODULE.COD
C:\SRC\PYPARALLEL\PCBUILD\X64-TEMP-RELEASE\PYTHONCORE\_IOMODULE.OBJ
C:\SRC\PYPARALLEL\PCBUILD\X64-TEMP-RELEASE\PYTHONCORE\_IOMODULE.SBR
C:\SRC\PYPARALLEL\PCBUILD\X64-TEMP-RELEASE\PYTHONCORE\_JSON.COD
C:\SRC\PYPARALLEL\PCBUILD\X64-TEMP-RELEASE\PYTHONCORE\_JSON.OBJ
C:\SRC\PYPARALLEL\PCBUILD\X64-TEMP-RELEASE\PYTHONCORE\_JSON.SBR
C:\SRC\PYPARALLEL\PCBUILD\X64-TEMP-RELEASE\PYTHONCORE\_LOCALEMODULE.COD
C:\SRC\PYPARALLEL\PCBUILD\X64-TEMP-RELEASE\PYTHONCORE\_LOCALEMODULE.OBJ
C:\SRC\PYPARALLEL\PCBUILD\X64-TEMP-RELEASE\PYTHONCORE\_LOCALEMODULE.SBR
C:\SRC\PYPARALLEL\PCBUILD\X64-TEMP-RELEASE\PYTHONCORE\_LSPROF.COD
C:\SRC\PYPARALLEL\PCBUILD\X64-TEMP-RELEASE\PYTHONCORE\_LSPROF.OBJ
C:\SRC\PYPARALLEL\PCBUILD\X64-TEMP-RELEASE\PYTHONCORE\_LSPROF.SBR
C:\SRC\PYPARALLEL\PCBUILD\X64-TEMP-RELEASE\PYTHONCORE\_MATH.COD
C:\SRC\PYPARALLEL\PCBUILD\X64-TEMP-RELEASE\PYTHONCORE\_MATH.OBJ
C:\SRC\PYPARALLEL\PCBUILD\X64-TEMP-RELEASE\PYTHONCORE\_MATH.SBR
C:\SRC\PYPARALLEL\PCBUILD\X64-TEMP-RELEASE\PYTHONCORE\_PICKLE.COD
C:\SRC\PYPARALLEL\PCBUILD\X64-TEMP-RELEASE\PYTHONCORE\_PICKLE.OBJ
C:\SRC\PYPARALLEL\PCBUILD\X64-TEMP-RELEASE\PYTHONCORE\_PICKLE.SBR
C:\SRC\PYPARALLEL\PCBUILD\X64-TEMP-RELEASE\PYTHONCORE\_RANDOMMODULE.COD
C:\SRC\PYPARALLEL\PCBUILD\X64-TEMP-RELEASE\PYTHONCORE\_RANDOMMODULE.OBJ
C:\SRC\PYPARALLEL\PCBUILD\X64-TEMP-RELEASE\PYTHONCORE\_RANDOMMODULE.SBR
C:\SRC\PYPARALLEL\PCBUILD\X64-TEMP-RELEASE\PYTHONCORE\_SRE.COD
C:\SRC\PYPARALLEL\PCBUILD\X64-TEMP-RELEASE\PYTHONCORE\_SRE.OBJ
C:\SRC\PYPARALLEL\PCBUILD\X64-TEMP-RELEASE\PYTHONCORE\_SRE.SBR
C:\SRC\PYPARALLEL\PCBUILD\X64-TEMP-RELEASE\PYTHONCORE\_STRUCT.COD
C:\SRC\PYPARALLEL\PCBUILD\X64-TEMP-RELEASE\PYTHONCORE\_STRUCT.OBJ
C:\SRC\PYPARALLEL\PCBUILD\X64-TEMP-RELEASE\PYTHONCORE\_STRUCT.SBR
C:\SRC\PYPARALLEL\PCBUILD\X64-TEMP-RELEASE\PYTHONCORE\_THREADMODULE.COD
C:\SRC\PYPARALLEL\PCBUILD\X64-TEMP-RELEASE\PYTHONCORE\_THREADMODULE.OBJ
C:\SRC\PYPARALLEL\PCBUILD\X64-TEMP-RELEASE\PYTHONCORE\_THREADMODULE.SBR
C:\SRC\PYPARALLEL\PCBUILD\X64-TEMP-RELEASE\PYTHONCORE\_WARNINGS.COD
C:\SRC\PYPARALLEL\PCBUILD\X64-TEMP-RELEASE\PYTHONCORE\_WARNINGS.OBJ
C:\SRC\PYPARALLEL\PCBUILD\X64-TEMP-RELEASE\PYTHONCORE\_WARNINGS.SBR
C:\SRC\PYPARALLEL\PCBUILD\X64-TEMP-RELEASE\PYTHONCORE\_WEAKREF.COD
C:\SRC\PYPARALLEL\PCBUILD\X64-TEMP-RELEASE\PYTHONCORE\_WEAKREF.OBJ
C:\SRC\PYPARALLEL\PCBUILD\X64-TEMP-RELEASE\PYTHONCORE\_WEAKREF.SBR
C:\SRC\PYPARALLEL\PCBUILD\X64-TEMP-RELEASE\PYTHONCORE\_WINAPI.COD
C:\SRC\PYPARALLEL\PCBUILD\X64-TEMP-RELEASE\PYTHONCORE\_WINAPI.OBJ
C:\SRC\PYPARALLEL\PCBUILD\X64-TEMP-RELEASE\PYTHONCORE\_WINAPI.SBR
C:\SRC\PYPARALLEL\PCBUILD\X64-TEMP-RELEASE\PYTHONCORE\ABSTRACT.COD
C:\SRC\PYPARALLEL\PCBUILD\X64-TEMP-RELEASE\PYTHONCORE\ABSTRACT.OBJ
C:\SRC\PYPARALLEL\PCBUILD\X64-TEMP-RELEASE\PYTHONCORE\ABSTRACT.SBR
C:\SRC\PYPARALLEL\PCBUILD\X64-TEMP-RELEASE\PYTHONCORE\ACCELER.COD
C:\SRC\PYPARALLEL\PCBUILD\X64-TEMP-RELEASE\PYTHONCORE\ACCELER.OBJ
C:\SRC\PYPARALLEL\PCBUILD\X64-TEMP-RELEASE\PYTHONCORE\ACCELER.SBR
C:\SRC\PYPARALLEL\PCBUILD\X64-TEMP-RELEASE\PYTHONCORE\ACCU.COD
C:\SRC\PYPARALLEL\PCBUILD\X64-TEMP-RELEASE\PYTHONCORE\ACCU.OBJ
C:\SRC\PYPARALLEL\PCBUILD\X64-TEMP-RELEASE\PYTHONCORE\ACCU.SBR
C:\SRC\PYPARALLEL\PCBUILD\X64-TEMP-RELEASE\PYTHONCORE\ADLER32.COD
C:\SRC\PYPARALLEL\PCBUILD\X64-TEMP-RELEASE\PYTHONCORE\ADLER32.OBJ
C:\SRC\PYPARALLEL\PCBUILD\X64-TEMP-RELEASE\PYTHONCORE\ADLER32.SBR
C:\SRC\PYPARALLEL\PCBUILD\X64-TEMP-RELEASE\PYTHONCORE\ARRAYMODULE.COD
C:\SRC\PYPARALLEL\PCBUILD\X64-TEMP-RELEASE\PYTHONCORE\ARRAYMODULE.OBJ
C:\SRC\PYPARALLEL\PCBUILD\X64-TEMP-RELEASE\PYTHONCORE\ARRAYMODULE.SBR
C:\SRC\PYPARALLEL\PCBUILD\X64-TEMP-RELEASE\PYTHONCORE\ASDL.COD
C:\SRC\PYPARALLEL\PCBUILD\X64-TEMP-RELEASE\PYTHONCORE\ASDL.OBJ
C:\SRC\PYPARALLEL\PCBUILD\X64-TEMP-RELEASE\PYTHONCORE\ASDL.SBR
C:\SRC\PYPARALLEL\PCBUILD\X64-TEMP-RELEASE\PYTHONCORE\AST.COD
C:\SRC\PYPARALLEL\PCBUILD\X64-TEMP-RELEASE\PYTHONCORE\AST.OBJ
C:\SRC\PYPARALLEL\PCBUILD\X64-TEMP-RELEASE\PYTHONCORE\AST.SBR
C:\SRC\PYPARALLEL\PCBUILD\X64-TEMP-RELEASE\PYTHONCORE\ATEXITMODULE.COD
C:\SRC\PYPARALLEL\PCBUILD\X64-TEMP-RELEASE\PYTHONCORE\ATEXITMODULE.OBJ
C:\SRC\PYPARALLEL\PCBUILD\X64-TEMP-RELEASE\PYTHONCORE\ATEXITMODULE.SBR
C:\SRC\PYPARALLEL\PCBUILD\X64-TEMP-RELEASE\PYTHONCORE\AUDIOOP.COD
C:\SRC\PYPARALLEL\PCBUILD\X64-TEMP-RELEASE\PYTHONCORE\AUDIOOP.OBJ
C:\SRC\PYPARALLEL\PCBUILD\X64-TEMP-RELEASE\PYTHONCORE\AUDIOOP.SBR
C:\SRC\PYPARALLEL\PCBUILD\X64-TEMP-RELEASE\PYTHONCORE\BINASCII.COD
C:\SRC\PYPARALLEL\PCBUILD\X64-TEMP-RELEASE\PYTHONCORE\BINASCII.OBJ
C:\SRC\PYPARALLEL\PCBUILD\X64-TEMP-RELEASE\PYTHONCORE\BINASCII.SBR
C:\SRC\PYPARALLEL\PCBUILD\X64-TEMP-RELEASE\PYTHONCORE\BITSET.COD
C:\SRC\PYPARALLEL\PCBUILD\X64-TEMP-RELEASE\PYTHONCORE\BITSET.OBJ
C:\SRC\PYPARALLEL\PCBUILD\X64-TEMP-RELEASE\PYTHONCORE\BITSET.SBR
C:\SRC\PYPARALLEL\PCBUILD\X64-TEMP-RELEASE\PYTHONCORE\BLTINMODULE.COD
C:\SRC\PYPARALLEL\PCBUILD\X64-TEMP-RELEASE\PYTHONCORE\BLTINMODULE.OBJ
C:\SRC\PYPARALLEL\PCBUILD\X64-TEMP-RELEASE\PYTHONCORE\BLTINMODULE.SBR
C:\SRC\PYPARALLEL\PCBUILD\X64-TEMP-RELEASE\PYTHONCORE\BOOLOBJECT.COD
C:\SRC\PYPARALLEL\PCBUILD\X64-TEMP-RELEASE\PYTHONCORE\BOOLOBJECT.OBJ
C:\SRC\PYPARALLEL\PCBUILD\X64-TEMP-RELEASE\PYTHONCORE\BOOLOBJECT.SBR
C:\SRC\PYPARALLEL\PCBUILD\X64-TEMP-RELEASE\PYTHONCORE\BUFFEREDIO.COD
C:\SRC\PYPARALLEL\PCBUILD\X64-TEMP-RELEASE\PYTHONCORE\BUFFEREDIO.OBJ
C:\SRC\PYPARALLEL\PCBUILD\X64-TEMP-RELEASE\PYTHONCORE\BUFFEREDIO.SBR
C:\SRC\PYPARALLEL\PCBUILD\X64-TEMP-RELEASE\PYTHONCORE\BYTEARRAYOBJECT.COD
C:\SRC\PYPARALLEL\PCBUILD\X64-TEMP-RELEASE\PYTHONCORE\BYTEARRAYOBJECT.OBJ
C:\SRC\PYPARALLEL\PCBUILD\X64-TEMP-RELEASE\PYTHONCORE\BYTEARRAYOBJECT.SBR
C:\SRC\PYPARALLEL\PCBUILD\X64-TEMP-RELEASE\PYTHONCORE\BYTES_METHODS.COD
C:\SRC\PYPARALLEL\PCBUILD\X64-TEMP-RELEASE\PYTHONCORE\BYTES_METHODS.OBJ
C:\SRC\PYPARALLEL\PCBUILD\X64-TEMP-RELEASE\PYTHONCORE\BYTES_METHODS.SBR
C:\SRC\PYPARALLEL\PCBUILD\X64-TEMP-RELEASE\PYTHONCORE\BYTESIO.COD
C:\SRC\PYPARALLEL\PCBUILD\X64-TEMP-RELEASE\PYTHONCORE\BYTESIO.OBJ
C:\SRC\PYPARALLEL\PCBUILD\X64-TEMP-RELEASE\PYTHONCORE\BYTESIO.SBR
C:\SRC\PYPARALLEL\PCBUILD\X64-TEMP-RELEASE\PYTHONCORE\BYTESOBJECT.COD
C:\SRC\PYPARALLEL\PCBUILD\X64-TEMP-RELEASE\PYTHONCORE\BYTESOBJECT.OBJ
C:\SRC\PYPARALLEL\PCBUILD\X64-TEMP-RELEASE\PYTHONCORE\BYTESOBJECT.SBR
C:\SRC\PYPARALLEL\PCBUILD\X64-TEMP-RELEASE\PYTHONCORE\CAPSULE.COD
C:\SRC\PYPARALLEL\PCBUILD\X64-TEMP-RELEASE\PYTHONCORE\CAPSULE.OBJ
C:\SRC\PYPARALLEL\PCBUILD\X64-TEMP-RELEASE\PYTHONCORE\CAPSULE.SBR
C:\SRC\PYPARALLEL\PCBUILD\X64-TEMP-RELEASE\PYTHONCORE\CELLOBJECT.COD
C:\SRC\PYPARALLEL\PCBUILD\X64-TEMP-RELEASE\PYTHONCORE\CELLOBJECT.OBJ
C:\SRC\PYPARALLEL\PCBUILD\X64-TEMP-RELEASE\PYTHONCORE\CELLOBJECT.SBR
C:\SRC\PYPARALLEL\PCBUILD\X64-TEMP-RELEASE\PYTHONCORE\CEVAL.COD
C:\SRC\PYPARALLEL\PCBUILD\X64-TEMP-RELEASE\PYTHONCORE\CEVAL.OBJ
C:\SRC\PYPARALLEL\PCBUILD\X64-TEMP-RELEASE\PYTHONCORE\CEVAL.SBR
c:\src\pyparallel\PCbuild\x64-temp-Release\pythoncore\cl.command.1.tlog
c:\src\pyparallel\PCbuild\x64-temp-Release\pythoncore\CL.read.1.tlog
c:\src\pyparallel\PCbuild\x64-temp-Release\pythoncore\CL.write.1.tlog
C:\SRC\PYPARALLEL\PCBUILD\X64-TEMP-RELEASE\PYTHONCORE\CLASSOBJECT.COD
C:\SRC\PYPARALLEL\PCBUILD\X64-TEMP-RELEASE\PYTHONCORE\CLASSOBJECT.OBJ
C:\SRC\PYPARALLEL\PCBUILD\X64-TEMP-RELEASE\PYTHONCORE\CLASSOBJECT.SBR
C:\SRC\PYPARALLEL\PCBUILD\X64-TEMP-RELEASE\PYTHONCORE\CMATHMODULE.COD
C:\SRC\PYPARALLEL\PCBUILD\X64-TEMP-RELEASE\PYTHONCORE\CMATHMODULE.OBJ
C:\SRC\PYPARALLEL\PCBUILD\X64-TEMP-RELEASE\PYTHONCORE\CMATHMODULE.SBR
C:\SRC\PYPARALLEL\PCBUILD\X64-TEMP-RELEASE\PYTHONCORE\CODECS.COD
C:\SRC\PYPARALLEL\PCBUILD\X64-TEMP-RELEASE\PYTHONCORE\CODECS.OBJ
C:\SRC\PYPARALLEL\PCBUILD\X64-TEMP-RELEASE\PYTHONCORE\CODECS.SBR
C:\SRC\PYPARALLEL\PCBUILD\X64-TEMP-RELEASE\PYTHONCORE\CODEOBJECT.COD
C:\SRC\PYPARALLEL\PCBUILD\X64-TEMP-RELEASE\PYTHONCORE\CODEOBJECT.OBJ
C:\SRC\PYPARALLEL\PCBUILD\X64-TEMP-RELEASE\PYTHONCORE\CODEOBJECT.SBR
C:\SRC\PYPARALLEL\PCBUILD\X64-TEMP-RELEASE\PYTHONCORE\COMPILE.COD
C:\SRC\PYPARALLEL\PCBUILD\X64-TEMP-RELEASE\PYTHONCORE\COMPILE.OBJ
C:\SRC\PYPARALLEL\PCBUILD\X64-TEMP-RELEASE\PYTHONCORE\COMPILE.SBR
C:\SRC\PYPARALLEL\PCBUILD\X64-TEMP-RELEASE\PYTHONCORE\COMPLEXOBJECT.COD
C:\SRC\PYPARALLEL\PCBUILD\X64-TEMP-RELEASE\PYTHONCORE\COMPLEXOBJECT.OBJ
C:\SRC\PYPARALLEL\PCBUILD\X64-TEMP-RELEASE\PYTHONCORE\COMPLEXOBJECT.SBR
C:\SRC\PYPARALLEL\PCBUILD\X64-TEMP-RELEASE\PYTHONCORE\COMPRESS.COD
C:\SRC\PYPARALLEL\PCBUILD\X64-TEMP-RELEASE\PYTHONCORE\COMPRESS.OBJ
C:\SRC\PYPARALLEL\PCBUILD\X64-TEMP-RELEASE\PYTHONCORE\COMPRESS.SBR
C:\SRC\PYPARALLEL\PCBUILD\X64-TEMP-RELEASE\PYTHONCORE\CONFIG.COD
C:\SRC\PYPARALLEL\PCBUILD\X64-TEMP-RELEASE\PYTHONCORE\CONFIG.OBJ
C:\SRC\PYPARALLEL\PCBUILD\X64-TEMP-RELEASE\PYTHONCORE\CONFIG.SBR
C:\SRC\PYPARALLEL\PCBUILD\X64-TEMP-RELEASE\PYTHONCORE\CRC32.COD
C:\SRC\PYPARALLEL\PCBUILD\X64-TEMP-RELEASE\PYTHONCORE\CRC32.OBJ
C:\SRC\PYPARALLEL\PCBUILD\X64-TEMP-RELEASE\PYTHONCORE\CRC32.SBR
C:\SRC\PYPARALLEL\PCBUILD\X64-TEMP-RELEASE\PYTHONCORE\DEFLATE.COD
C:\SRC\PYPARALLEL\PCBUILD\X64-TEMP-RELEASE\PYTHONCORE\DEFLATE.OBJ
C:\SRC\PYPARALLEL\PCBUILD\X64-TEMP-RELEASE\PYTHONCORE\DEFLATE.SBR
C:\SRC\PYPARALLEL\PCBUILD\X64-TEMP-RELEASE\PYTHONCORE\DESCROBJECT.COD
C:\SRC\PYPARALLEL\PCBUILD\X64-TEMP-RELEASE\PYTHONCORE\DESCROBJECT.OBJ
C:\SRC\PYPARALLEL\PCBUILD\X64-TEMP-RELEASE\PYTHONCORE\DESCROBJECT.SBR
C:\SRC\PYPARALLEL\PCBUILD\X64-TEMP-RELEASE\PYTHONCORE\DICTOBJECT.COD
C:\SRC\PYPARALLEL\PCBUILD\X64-TEMP-RELEASE\PYTHONCORE\DICTOBJECT.OBJ
C:\SRC\PYPARALLEL\PCBUILD\X64-TEMP-RELEASE\PYTHONCORE\DICTOBJECT.SBR
C:\SRC\PYPARALLEL\PCBUILD\X64-TEMP-RELEASE\PYTHONCORE\DL_NT.COD
C:\SRC\PYPARALLEL\PCBUILD\X64-TEMP-RELEASE\PYTHONCORE\DL_NT.OBJ
C:\SRC\PYPARALLEL\PCBUILD\X64-TEMP-RELEASE\PYTHONCORE\DL_NT.SBR
C:\SRC\PYPARALLEL\PCBUILD\X64-TEMP-RELEASE\PYTHONCORE\DTOA.COD
C:\SRC\PYPARALLEL\PCBUILD\X64-TEMP-RELEASE\PYTHONCORE\DTOA.OBJ
C:\SRC\PYPARALLEL\PCBUILD\X64-TEMP-RELEASE\PYTHONCORE\DTOA.SBR
C:\SRC\PYPARALLEL\PCBUILD\X64-TEMP-RELEASE\PYTHONCORE\DYNAMIC_ANNOTATIONS.COD
C:\SRC\PYPARALLEL\PCBUILD\X64-TEMP-RELEASE\PYTHONCORE\DYNAMIC_ANNOTATIONS.OBJ
C:\SRC\PYPARALLEL\PCBUILD\X64-TEMP-RELEASE\PYTHONCORE\DYNAMIC_ANNOTATIONS.SBR
C:\SRC\PYPARALLEL\PCBUILD\X64-TEMP-RELEASE\PYTHONCORE\DYNLOAD_WIN.COD
C:\SRC\PYPARALLEL\PCBUILD\X64-TEMP-RELEASE\PYTHONCORE\DYNLOAD_WIN.OBJ
C:\SRC\PYPARALLEL\PCBUILD\X64-TEMP-RELEASE\PYTHONCORE\DYNLOAD_WIN.SBR
C:\SRC\PYPARALLEL\PCBUILD\X64-TEMP-RELEASE\PYTHONCORE\ENUMOBJECT.COD
C:\SRC\PYPARALLEL\PCBUILD\X64-TEMP-RELEASE\PYTHONCORE\ENUMOBJECT.OBJ
C:\SRC\PYPARALLEL\PCBUILD\X64-TEMP-RELEASE\PYTHONCORE\ENUMOBJECT.SBR
C:\SRC\PYPARALLEL\PCBUILD\X64-TEMP-RELEASE\PYTHONCORE\ERRNOMODULE.COD
C:\SRC\PYPARALLEL\PCBUILD\X64-TEMP-RELEASE\PYTHONCORE\ERRNOMODULE.OBJ
C:\SRC\PYPARALLEL\PCBUILD\X64-TEMP-RELEASE\PYTHONCORE\ERRNOMODULE.SBR
C:\SRC\PYPARALLEL\PCBUILD\X64-TEMP-RELEASE\PYTHONCORE\ERRORS.COD
C:\SRC\PYPARALLEL\PCBUILD\X64-TEMP-RELEASE\PYTHONCORE\ERRORS.OBJ
C:\SRC\PYPARALLEL\PCBUILD\X64-TEMP-RELEASE\PYTHONCORE\ERRORS.SBR
C:\SRC\PYPARALLEL\PCBUILD\X64-TEMP-RELEASE\PYTHONCORE\EXCEPTIONS.COD
C:\SRC\PYPARALLEL\PCBUILD\X64-TEMP-RELEASE\PYTHONCORE\EXCEPTIONS.OBJ
C:\SRC\PYPARALLEL\PCBUILD\X64-TEMP-RELEASE\PYTHONCORE\EXCEPTIONS.SBR
C:\SRC\PYPARALLEL\PCBUILD\X64-TEMP-RELEASE\PYTHONCORE\FAULTHANDLER.COD
C:\SRC\PYPARALLEL\PCBUILD\X64-TEMP-RELEASE\PYTHONCORE\FAULTHANDLER.OBJ
C:\SRC\PYPARALLEL\PCBUILD\X64-TEMP-RELEASE\PYTHONCORE\FAULTHANDLER.SBR
C:\SRC\PYPARALLEL\PCBUILD\X64-TEMP-RELEASE\PYTHONCORE\FILEIO.COD
C:\SRC\PYPARALLEL\PCBUILD\X64-TEMP-RELEASE\PYTHONCORE\FILEIO.OBJ
C:\SRC\PYPARALLEL\PCBUILD\X64-TEMP-RELEASE\PYTHONCORE\FILEIO.SBR
C:\SRC\PYPARALLEL\PCBUILD\X64-TEMP-RELEASE\PYTHONCORE\FILEOBJECT.COD
C:\SRC\PYPARALLEL\PCBUILD\X64-TEMP-RELEASE\PYTHONCORE\FILEOBJECT.OBJ
C:\SRC\PYPARALLEL\PCBUILD\X64-TEMP-RELEASE\PYTHONCORE\FILEOBJECT.SBR
C:\SRC\PYPARALLEL\PCBUILD\X64-TEMP-RELEASE\PYTHONCORE\FILEUTILS.COD
C:\SRC\PYPARALLEL\PCBUILD\X64-TEMP-RELEASE\PYTHONCORE\FILEUTILS.OBJ
C:\SRC\PYPARALLEL\PCBUILD\X64-TEMP-RELEASE\PYTHONCORE\FILEUTILS.SBR
C:\SRC\PYPARALLEL\PCBUILD\X64-TEMP-RELEASE\PYTHONCORE\FIRSTSETS.COD
C:\SRC\PYPARALLEL\PCBUILD\X64-TEMP-RELEASE\PYTHONCORE\FIRSTSETS.OBJ
C:\SRC\PYPARALLEL\PCBUILD\X64-TEMP-RELEASE\PYTHONCORE\FIRSTSETS.SBR
C:\SRC\PYPARALLEL\PCBUILD\X64-TEMP-RELEASE\PYTHONCORE\FLOATOBJECT.COD
C:\SRC\PYPARALLEL\PCBUILD\X64-TEMP-RELEASE\PYTHONCORE\FLOATOBJECT.OBJ
C:\SRC\PYPARALLEL\PCBUILD\X64-TEMP-RELEASE\PYTHONCORE\FLOATOBJECT.SBR
C:\SRC\PYPARALLEL\PCBUILD\X64-TEMP-RELEASE\PYTHONCORE\FORMATTER_UNICODE.COD
C:\SRC\PYPARALLEL\PCBUILD\X64-TEMP-RELEASE\PYTHONCORE\FORMATTER_UNICODE.OBJ
C:\SRC\PYPARALLEL\PCBUILD\X64-TEMP-RELEASE\PYTHONCORE\FORMATTER_UNICODE.SBR
C:\SRC\PYPARALLEL\PCBUILD\X64-TEMP-RELEASE\PYTHONCORE\FRAMEOBJECT.COD
C:\SRC\PYPARALLEL\PCBUILD\X64-TEMP-RELEASE\PYTHONCORE\FRAMEOBJECT.OBJ
C:\SRC\PYPARALLEL\PCBUILD\X64-TEMP-RELEASE\PYTHONCORE\FRAMEOBJECT.SBR
C:\SRC\PYPARALLEL\PCBUILD\X64-TEMP-RELEASE\PYTHONCORE\FROZEN.COD
C:\SRC\PYPARALLEL\PCBUILD\X64-TEMP-RELEASE\PYTHONCORE\FROZEN.OBJ
C:\SRC\PYPARALLEL\PCBUILD\X64-TEMP-RELEASE\PYTHONCORE\FROZEN.SBR
C:\SRC\PYPARALLEL\PCBUILD\X64-TEMP-RELEASE\PYTHONCORE\FUNCOBJECT.COD
C:\SRC\PYPARALLEL\PCBUILD\X64-TEMP-RELEASE\PYTHONCORE\FUNCOBJECT.OBJ
C:\SRC\PYPARALLEL\PCBUILD\X64-TEMP-RELEASE\PYTHONCORE\FUNCOBJECT.SBR
C:\SRC\PYPARALLEL\PCBUILD\X64-TEMP-RELEASE\PYTHONCORE\FUTURE.COD
C:\SRC\PYPARALLEL\PCBUILD\X64-TEMP-RELEASE\PYTHONCORE\FUTURE.OBJ
C:\SRC\PYPARALLEL\PCBUILD\X64-TEMP-RELEASE\PYTHONCORE\FUTURE.SBR
C:\SRC\PYPARALLEL\PCBUILD\X64-TEMP-RELEASE\PYTHONCORE\GCMODULE.COD
C:\SRC\PYPARALLEL\PCBUILD\X64-TEMP-RELEASE\PYTHONCORE\GCMODULE.OBJ
C:\SRC\PYPARALLEL\PCBUILD\X64-TEMP-RELEASE\PYTHONCORE\GCMODULE.SBR
C:\SRC\PYPARALLEL\PCBUILD\X64-TEMP-RELEASE\PYTHONCORE\GENOBJECT.COD
C:\SRC\PYPARALLEL\PCBUILD\X64-TEMP-RELEASE\PYTHONCORE\GENOBJECT.OBJ
C:\SRC\PYPARALLEL\PCBUILD\X64-TEMP-RELEASE\PYTHONCORE\GENOBJECT.SBR
C:\SRC\PYPARALLEL\PCBUILD\X64-TEMP-RELEASE\PYTHONCORE\GETARGS.COD
C:\SRC\PYPARALLEL\PCBUILD\X64-TEMP-RELEASE\PYTHONCORE\GETARGS.OBJ
C:\SRC\PYPARALLEL\PCBUILD\X64-TEMP-RELEASE\PYTHONCORE\GETARGS.SBR
C:\SRC\PYPARALLEL\PCBUILD\X64-TEMP-RELEASE\PYTHONCORE\GETCOMPILER.COD
C:\SRC\PYPARALLEL\PCBUILD\X64-TEMP-RELEASE\PYTHONCORE\GETCOMPILER.OBJ
C:\SRC\PYPARALLEL\PCBUILD\X64-TEMP-RELEASE\PYTHONCORE\GETCOMPILER.SBR
C:\SRC\PYPARALLEL\PCBUILD\X64-TEMP-RELEASE\PYTHONCORE\GETCOPYRIGHT.COD
C:\SRC\PYPARALLEL\PCBUILD\X64-TEMP-RELEASE\PYTHONCORE\GETCOPYRIGHT.OBJ
C:\SRC\PYPARALLEL\PCBUILD\X64-TEMP-RELEASE\PYTHONCORE\GETCOPYRIGHT.SBR
C:\SRC\PYPARALLEL\PCBUILD\X64-TEMP-RELEASE\PYTHONCORE\GETOPT.COD
C:\SRC\PYPARALLEL\PCBUILD\X64-TEMP-RELEASE\PYTHONCORE\GETOPT.OBJ
C:\SRC\PYPARALLEL\PCBUILD\X64-TEMP-RELEASE\PYTHONCORE\GETOPT.SBR
C:\SRC\PYPARALLEL\PCBUILD\X64-TEMP-RELEASE\PYTHONCORE\GETPATHP.COD
C:\SRC\PYPARALLEL\PCBUILD\X64-TEMP-RELEASE\PYTHONCORE\GETPATHP.OBJ
C:\SRC\PYPARALLEL\PCBUILD\X64-TEMP-RELEASE\PYTHONCORE\GETPATHP.SBR
C:\SRC\PYPARALLEL\PCBUILD\X64-TEMP-RELEASE\PYTHONCORE\GETPLATFORM.COD
C:\SRC\PYPARALLEL\PCBUILD\X64-TEMP-RELEASE\PYTHONCORE\GETPLATFORM.OBJ
C:\SRC\PYPARALLEL\PCBUILD\X64-TEMP-RELEASE\PYTHONCORE\GETPLATFORM.SBR
C:\SRC\PYPARALLEL\PCBUILD\X64-TEMP-RELEASE\PYTHONCORE\GETVERSION.COD
C:\SRC\PYPARALLEL\PCBUILD\X64-TEMP-RELEASE\PYTHONCORE\GETVERSION.OBJ
C:\SRC\PYPARALLEL\PCBUILD\X64-TEMP-RELEASE\PYTHONCORE\GETVERSION.SBR
C:\SRC\PYPARALLEL\PCBUILD\X64-TEMP-RELEASE\PYTHONCORE\GRAMINIT.COD
C:\SRC\PYPARALLEL\PCBUILD\X64-TEMP-RELEASE\PYTHONCORE\GRAMINIT.OBJ
C:\SRC\PYPARALLEL\PCBUILD\X64-TEMP-RELEASE\PYTHONCORE\GRAMINIT.SBR
C:\SRC\PYPARALLEL\PCBUILD\X64-TEMP-RELEASE\PYTHONCORE\GRAMMAR.COD
C:\SRC\PYPARALLEL\PCBUILD\X64-TEMP-RELEASE\PYTHONCORE\GRAMMAR.OBJ
C:\SRC\PYPARALLEL\PCBUILD\X64-TEMP-RELEASE\PYTHONCORE\GRAMMAR.SBR
C:\SRC\PYPARALLEL\PCBUILD\X64-TEMP-RELEASE\PYTHONCORE\GRAMMAR1.COD
C:\SRC\PYPARALLEL\PCBUILD\X64-TEMP-RELEASE\PYTHONCORE\GRAMMAR1.OBJ
C:\SRC\PYPARALLEL\PCBUILD\X64-TEMP-RELEASE\PYTHONCORE\GRAMMAR1.SBR
C:\SRC\PYPARALLEL\PCBUILD\X64-TEMP-RELEASE\PYTHONCORE\IMPORT.COD
C:\SRC\PYPARALLEL\PCBUILD\X64-TEMP-RELEASE\PYTHONCORE\IMPORT.OBJ
C:\SRC\PYPARALLEL\PCBUILD\X64-TEMP-RELEASE\PYTHONCORE\IMPORT.SBR
C:\SRC\PYPARALLEL\PCBUILD\X64-TEMP-RELEASE\PYTHONCORE\IMPORTDL.COD
C:\SRC\PYPARALLEL\PCBUILD\X64-TEMP-RELEASE\PYTHONCORE\IMPORTDL.OBJ
C:\SRC\PYPARALLEL\PCBUILD\X64-TEMP-RELEASE\PYTHONCORE\IMPORTDL.SBR
C:\SRC\PYPARALLEL\PCBUILD\X64-TEMP-RELEASE\PYTHONCORE\INFBACK.COD
C:\SRC\PYPARALLEL\PCBUILD\X64-TEMP-RELEASE\PYTHONCORE\INFBACK.OBJ
C:\SRC\PYPARALLEL\PCBUILD\X64-TEMP-RELEASE\PYTHONCORE\INFBACK.SBR
C:\SRC\PYPARALLEL\PCBUILD\X64-TEMP-RELEASE\PYTHONCORE\INFFAST.COD
C:\SRC\PYPARALLEL\PCBUILD\X64-TEMP-RELEASE\PYTHONCORE\INFFAST.OBJ
C:\SRC\PYPARALLEL\PCBUILD\X64-TEMP-RELEASE\PYTHONCORE\INFFAST.SBR
C:\SRC\PYPARALLEL\PCBUILD\X64-TEMP-RELEASE\PYTHONCORE\INFLATE.COD
C:\SRC\PYPARALLEL\PCBUILD\X64-TEMP-RELEASE\PYTHONCORE\INFLATE.OBJ
C:\SRC\PYPARALLEL\PCBUILD\X64-TEMP-RELEASE\PYTHONCORE\INFLATE.SBR
C:\SRC\PYPARALLEL\PCBUILD\X64-TEMP-RELEASE\PYTHONCORE\INFTREES.COD
C:\SRC\PYPARALLEL\PCBUILD\X64-TEMP-RELEASE\PYTHONCORE\INFTREES.OBJ
C:\SRC\PYPARALLEL\PCBUILD\X64-TEMP-RELEASE\PYTHONCORE\INFTREES.SBR
C:\SRC\PYPARALLEL\PCBUILD\X64-TEMP-RELEASE\PYTHONCORE\IOBASE.COD
C:\SRC\PYPARALLEL\PCBUILD\X64-TEMP-RELEASE\PYTHONCORE\IOBASE.OBJ
C:\SRC\PYPARALLEL\PCBUILD\X64-TEMP-RELEASE\PYTHONCORE\IOBASE.SBR
C:\SRC\PYPARALLEL\PCBUILD\X64-TEMP-RELEASE\PYTHONCORE\ITEROBJECT.COD
C:\SRC\PYPARALLEL\PCBUILD\X64-TEMP-RELEASE\PYTHONCORE\ITEROBJECT.OBJ
C:\SRC\PYPARALLEL\PCBUILD\X64-TEMP-RELEASE\PYTHONCORE\ITEROBJECT.SBR
C:\SRC\PYPARALLEL\PCBUILD\X64-TEMP-RELEASE\PYTHONCORE\ITERTOOLSMODULE.COD
C:\SRC\PYPARALLEL\PCBUILD\X64-TEMP-RELEASE\PYTHONCORE\ITERTOOLSMODULE.OBJ
C:\SRC\PYPARALLEL\PCBUILD\X64-TEMP-RELEASE\PYTHONCORE\ITERTOOLSMODULE.SBR
c:\src\pyparallel\PCbuild\x64-temp-Release\pythoncore\link.command.1.tlog
c:\src\pyparallel\PCbuild\x64-temp-Release\pythoncore\link.read.1.tlog
c:\src\pyparallel\PCbuild\x64-temp-Release\pythoncore\link.write.1.tlog
c:\src\pyparallel\PCbuild\x64-temp-Release\pythoncore\link-cvtres.read.1.tlog
c:\src\pyparallel\PCbuild\x64-temp-Release\pythoncore\link-cvtres.write.1.tlog
C:\SRC\PYPARALLEL\PCBUILD\X64-TEMP-RELEASE\PYTHONCORE\LISTNODE.COD
C:\SRC\PYPARALLEL\PCBUILD\X64-TEMP-RELEASE\PYTHONCORE\LISTNODE.OBJ
C:\SRC\PYPARALLEL\PCBUILD\X64-TEMP-RELEASE\PYTHONCORE\LISTNODE.SBR
C:\SRC\PYPARALLEL\PCBUILD\X64-TEMP-RELEASE\PYTHONCORE\LISTOBJECT.COD
C:\SRC\PYPARALLEL\PCBUILD\X64-TEMP-RELEASE\PYTHONCORE\LISTOBJECT.OBJ
C:\SRC\PYPARALLEL\PCBUILD\X64-TEMP-RELEASE\PYTHONCORE\LISTOBJECT.SBR
C:\SRC\PYPARALLEL\PCBUILD\X64-TEMP-RELEASE\PYTHONCORE\LONGOBJECT.COD
C:\SRC\PYPARALLEL\PCBUILD\X64-TEMP-RELEASE\PYTHONCORE\LONGOBJECT.OBJ
C:\SRC\PYPARALLEL\PCBUILD\X64-TEMP-RELEASE\PYTHONCORE\LONGOBJECT.SBR
C:\SRC\PYPARALLEL\PCBUILD\X64-TEMP-RELEASE\PYTHONCORE\MAIN.COD
C:\SRC\PYPARALLEL\PCBUILD\X64-TEMP-RELEASE\PYTHONCORE\MAIN.OBJ
C:\SRC\PYPARALLEL\PCBUILD\X64-TEMP-RELEASE\PYTHONCORE\MAIN.SBR
C:\SRC\PYPARALLEL\PCBUILD\X64-TEMP-RELEASE\PYTHONCORE\MARSHAL.COD
C:\SRC\PYPARALLEL\PCBUILD\X64-TEMP-RELEASE\PYTHONCORE\MARSHAL.OBJ
C:\SRC\PYPARALLEL\PCBUILD\X64-TEMP-RELEASE\PYTHONCORE\MARSHAL.SBR
C:\SRC\PYPARALLEL\PCBUILD\X64-TEMP-RELEASE\PYTHONCORE\MATHMODULE.COD
C:\SRC\PYPARALLEL\PCBUILD\X64-TEMP-RELEASE\PYTHONCORE\MATHMODULE.OBJ
C:\SRC\PYPARALLEL\PCBUILD\X64-TEMP-RELEASE\PYTHONCORE\MATHMODULE.SBR
C:\SRC\PYPARALLEL\PCBUILD\X64-TEMP-RELEASE\PYTHONCORE\MD5MODULE.COD
C:\SRC\PYPARALLEL\PCBUILD\X64-TEMP-RELEASE\PYTHONCORE\MD5MODULE.OBJ
C:\SRC\PYPARALLEL\PCBUILD\X64-TEMP-RELEASE\PYTHONCORE\MD5MODULE.SBR
C:\SRC\PYPARALLEL\PCBUILD\X64-TEMP-RELEASE\PYTHONCORE\MEMORYOBJECT.COD
C:\SRC\PYPARALLEL\PCBUILD\X64-TEMP-RELEASE\PYTHONCORE\MEMORYOBJECT.OBJ
C:\SRC\PYPARALLEL\PCBUILD\X64-TEMP-RELEASE\PYTHONCORE\MEMORYOBJECT.SBR
C:\SRC\PYPARALLEL\PCBUILD\X64-TEMP-RELEASE\PYTHONCORE\METAGRAMMAR.COD
C:\SRC\PYPARALLEL\PCBUILD\X64-TEMP-RELEASE\PYTHONCORE\METAGRAMMAR.OBJ
C:\SRC\PYPARALLEL\PCBUILD\X64-TEMP-RELEASE\PYTHONCORE\METAGRAMMAR.SBR
C:\SRC\PYPARALLEL\PCBUILD\X64-TEMP-RELEASE\PYTHONCORE\METHODOBJECT.COD
C:\SRC\PYPARALLEL\PCBUILD\X64-TEMP-RELEASE\PYTHONCORE\METHODOBJECT.OBJ
C:\SRC\PYPARALLEL\PCBUILD\X64-TEMP-RELEASE\PYTHONCORE\METHODOBJECT.SBR
C:\SRC\PYPARALLEL\PCBUILD\X64-TEMP-RELEASE\PYTHONCORE\MMAPMODULE.COD
C:\SRC\PYPARALLEL\PCBUILD\X64-TEMP-RELEASE\PYTHONCORE\MMAPMODULE.OBJ
C:\SRC\PYPARALLEL\PCBUILD\X64-TEMP-RELEASE\PYTHONCORE\MMAPMODULE.SBR
C:\SRC\PYPARALLEL\PCBUILD\X64-TEMP-RELEASE\PYTHONCORE\MODSUPPORT.COD
C:\SRC\PYPARALLEL\PCBUILD\X64-TEMP-RELEASE\PYTHONCORE\MODSUPPORT.OBJ
C:\SRC\PYPARALLEL\PCBUILD\X64-TEMP-RELEASE\PYTHONCORE\MODSUPPORT.SBR
C:\SRC\PYPARALLEL\PCBUILD\X64-TEMP-RELEASE\PYTHONCORE\MODULEOBJECT.COD
C:\SRC\PYPARALLEL\PCBUILD\X64-TEMP-RELEASE\PYTHONCORE\MODULEOBJECT.OBJ
C:\SRC\PYPARALLEL\PCBUILD\X64-TEMP-RELEASE\PYTHONCORE\MODULEOBJECT.SBR
C:\SRC\PYPARALLEL\PCBUILD\X64-TEMP-RELEASE\PYTHONCORE\MSVCRTMODULE.COD
C:\SRC\PYPARALLEL\PCBUILD\X64-TEMP-RELEASE\PYTHONCORE\MSVCRTMODULE.OBJ
C:\SRC\PYPARALLEL\PCBUILD\X64-TEMP-RELEASE\PYTHONCORE\MSVCRTMODULE.SBR
C:\SRC\PYPARALLEL\PCBUILD\X64-TEMP-RELEASE\PYTHONCORE\MULTIBYTECODEC.COD
C:\SRC\PYPARALLEL\PCBUILD\X64-TEMP-RELEASE\PYTHONCORE\MULTIBYTECODEC.OBJ
C:\SRC\PYPARALLEL\PCBUILD\X64-TEMP-RELEASE\PYTHONCORE\MULTIBYTECODEC.SBR
C:\SRC\PYPARALLEL\PCBUILD\X64-TEMP-RELEASE\PYTHONCORE\MYREADLINE.COD
C:\SRC\PYPARALLEL\PCBUILD\X64-TEMP-RELEASE\PYTHONCORE\MYREADLINE.OBJ
C:\SRC\PYPARALLEL\PCBUILD\X64-TEMP-RELEASE\PYTHONCORE\MYREADLINE.SBR
C:\SRC\PYPARALLEL\PCBUILD\X64-TEMP-RELEASE\PYTHONCORE\MYSNPRINTF.COD
C:\SRC\PYPARALLEL\PCBUILD\X64-TEMP-RELEASE\PYTHONCORE\MYSNPRINTF.OBJ
C:\SRC\PYPARALLEL\PCBUILD\X64-TEMP-RELEASE\PYTHONCORE\MYSNPRINTF.SBR
C:\SRC\PYPARALLEL\PCBUILD\X64-TEMP-RELEASE\PYTHONCORE\MYSTRTOUL.COD
C:\SRC\PYPARALLEL\PCBUILD\X64-TEMP-RELEASE\PYTHONCORE\MYSTRTOUL.OBJ
C:\SRC\PYPARALLEL\PCBUILD\X64-TEMP-RELEASE\PYTHONCORE\MYSTRTOUL.SBR
C:\SRC\PYPARALLEL\PCBUILD\X64-TEMP-RELEASE\PYTHONCORE\NAMESPACEOBJECT.COD
C:\SRC\PYPARALLEL\PCBUILD\X64-TEMP-RELEASE\PYTHONCORE\NAMESPACEOBJECT.OBJ
C:\SRC\PYPARALLEL\PCBUILD\X64-TEMP-RELEASE\PYTHONCORE\NAMESPACEOBJECT.SBR
C:\SRC\PYPARALLEL\PCBUILD\X64-TEMP-RELEASE\PYTHONCORE\NODE.COD
C:\SRC\PYPARALLEL\PCBUILD\X64-TEMP-RELEASE\PYTHONCORE\NODE.OBJ
C:\SRC\PYPARALLEL\PCBUILD\X64-TEMP-RELEASE\PYTHONCORE\NODE.SBR
C:\SRC\PYPARALLEL\PCBUILD\X64-TEMP-RELEASE\PYTHONCORE\OBJECT.COD
C:\SRC\PYPARALLEL\PCBUILD\X64-TEMP-RELEASE\PYTHONCORE\OBJECT.OBJ
C:\SRC\PYPARALLEL\PCBUILD\X64-TEMP-RELEASE\PYTHONCORE\OBJECT.SBR
C:\SRC\PYPARALLEL\PCBUILD\X64-TEMP-RELEASE\PYTHONCORE\OBMALLOC.COD
C:\SRC\PYPARALLEL\PCBUILD\X64-TEMP-RELEASE\PYTHONCORE\OBMALLOC.OBJ
C:\SRC\PYPARALLEL\PCBUILD\X64-TEMP-RELEASE\PYTHONCORE\OBMALLOC.SBR
C:\SRC\PYPARALLEL\PCBUILD\X64-TEMP-RELEASE\PYTHONCORE\OPERATOR.COD
C:\SRC\PYPARALLEL\PCBUILD\X64-TEMP-RELEASE\PYTHONCORE\OPERATOR.OBJ
C:\SRC\PYPARALLEL\PCBUILD\X64-TEMP-RELEASE\PYTHONCORE\OPERATOR.SBR
C:\SRC\PYPARALLEL\PCBUILD\X64-TEMP-RELEASE\PYTHONCORE\PARSER.COD
C:\SRC\PYPARALLEL\PCBUILD\X64-TEMP-RELEASE\PYTHONCORE\PARSER.OBJ
C:\SRC\PYPARALLEL\PCBUILD\X64-TEMP-RELEASE\PYTHONCORE\PARSER.SBR
C:\SRC\PYPARALLEL\PCBUILD\X64-TEMP-RELEASE\PYTHONCORE\PARSERMODULE.COD
C:\SRC\PYPARALLEL\PCBUILD\X64-TEMP-RELEASE\PYTHONCORE\PARSERMODULE.OBJ
C:\SRC\PYPARALLEL\PCBUILD\X64-TEMP-RELEASE\PYTHONCORE\PARSERMODULE.SBR
C:\SRC\PYPARALLEL\PCBUILD\X64-TEMP-RELEASE\PYTHONCORE\PARSETOK.COD
C:\SRC\PYPARALLEL\PCBUILD\X64-TEMP-RELEASE\PYTHONCORE\PARSETOK.OBJ
C:\SRC\PYPARALLEL\PCBUILD\X64-TEMP-RELEASE\PYTHONCORE\PARSETOK.SBR
C:\SRC\PYPARALLEL\PCBUILD\X64-TEMP-RELEASE\PYTHONCORE\PEEPHOLE.COD
C:\SRC\PYPARALLEL\PCBUILD\X64-TEMP-RELEASE\PYTHONCORE\PEEPHOLE.OBJ
C:\SRC\PYPARALLEL\PCBUILD\X64-TEMP-RELEASE\PYTHONCORE\PEEPHOLE.SBR
C:\SRC\PYPARALLEL\PCBUILD\X64-TEMP-RELEASE\PYTHONCORE\POSIXMODULE.COD
C:\SRC\PYPARALLEL\PCBUILD\X64-TEMP-RELEASE\PYTHONCORE\POSIXMODULE.OBJ
C:\SRC\PYPARALLEL\PCBUILD\X64-TEMP-RELEASE\PYTHONCORE\POSIXMODULE.SBR
C:\SRC\PYPARALLEL\PCBUILD\X64-TEMP-RELEASE\PYTHONCORE\PXLIST.COD
C:\SRC\PYPARALLEL\PCBUILD\X64-TEMP-RELEASE\PYTHONCORE\PXLIST.OBJ
C:\SRC\PYPARALLEL\PCBUILD\X64-TEMP-RELEASE\PYTHONCORE\PXLIST.SBR
C:\SRC\PYPARALLEL\PCBUILD\X64-TEMP-RELEASE\PYTHONCORE\PYARENA.COD
C:\SRC\PYPARALLEL\PCBUILD\X64-TEMP-RELEASE\PYTHONCORE\PYARENA.OBJ
C:\SRC\PYPARALLEL\PCBUILD\X64-TEMP-RELEASE\PYTHONCORE\PYARENA.SBR
C:\SRC\PYPARALLEL\PCBUILD\X64-TEMP-RELEASE\PYTHONCORE\PYCTYPE.COD
C:\SRC\PYPARALLEL\PCBUILD\X64-TEMP-RELEASE\PYTHONCORE\PYCTYPE.OBJ
C:\SRC\PYPARALLEL\PCBUILD\X64-TEMP-RELEASE\PYTHONCORE\PYCTYPE.SBR
C:\SRC\PYPARALLEL\PCBUILD\X64-TEMP-RELEASE\PYTHONCORE\PYFPE.COD
C:\SRC\PYPARALLEL\PCBUILD\X64-TEMP-RELEASE\PYTHONCORE\PYFPE.OBJ
C:\SRC\PYPARALLEL\PCBUILD\X64-TEMP-RELEASE\PYTHONCORE\PYFPE.SBR
C:\SRC\PYPARALLEL\PCBUILD\X64-TEMP-RELEASE\PYTHONCORE\PYMATH.COD
C:\SRC\PYPARALLEL\PCBUILD\X64-TEMP-RELEASE\PYTHONCORE\PYMATH.OBJ
C:\SRC\PYPARALLEL\PCBUILD\X64-TEMP-RELEASE\PYTHONCORE\PYMATH.SBR
C:\SRC\PYPARALLEL\PCBUILD\X64-TEMP-RELEASE\PYTHONCORE\PYPARALLEL.COD
C:\SRC\PYPARALLEL\PCBUILD\X64-TEMP-RELEASE\PYTHONCORE\PYPARALLEL.OBJ
C:\SRC\PYPARALLEL\PCBUILD\X64-TEMP-RELEASE\PYTHONCORE\PYPARALLEL.SBR
C:\SRC\PYPARALLEL\PCBUILD\X64-TEMP-RELEASE\PYTHONCORE\PYSTATE.COD
C:\SRC\PYPARALLEL\PCBUILD\X64-TEMP-RELEASE\PYTHONCORE\PYSTATE.OBJ
C:\SRC\PYPARALLEL\PCBUILD\X64-TEMP-RELEASE\PYTHONCORE\PYSTATE.SBR
C:\SRC\PYPARALLEL\PCBUILD\X64-TEMP-RELEASE\PYTHONCORE\PYSTRCMP.COD
C:\SRC\PYPARALLEL\PCBUILD\X64-TEMP-RELEASE\PYTHONCORE\PYSTRCMP.OBJ
C:\SRC\PYPARALLEL\PCBUILD\X64-TEMP-RELEASE\PYTHONCORE\PYSTRCMP.SBR
C:\SRC\PYPARALLEL\PCBUILD\X64-TEMP-RELEASE\PYTHONCORE\PYSTRTOD.COD
C:\SRC\PYPARALLEL\PCBUILD\X64-TEMP-RELEASE\PYTHONCORE\PYSTRTOD.OBJ
C:\SRC\PYPARALLEL\PCBUILD\X64-TEMP-RELEASE\PYTHONCORE\PYSTRTOD.SBR
C:\SRC\PYPARALLEL\PCBUILD\X64-TEMP-RELEASE\PYTHONCORE\PYTHON_NT.RES
c:\src\pyparallel\PCbuild\x64-temp-Release\pythoncore\python33.dll.intermediate.manifest
C:\SRC\PYPARALLEL\PCBUILD\X64-TEMP-RELEASE\PYTHONCORE\PYTHON-AST.COD
C:\SRC\PYPARALLEL\PCBUILD\X64-TEMP-RELEASE\PYTHONCORE\PYTHON-AST.OBJ
C:\SRC\PYPARALLEL\PCBUILD\X64-TEMP-RELEASE\PYTHONCORE\PYTHON-AST.SBR
c:\src\pyparallel\PCbuild\x64-temp-Release\pythoncore\pythoncore.write.1.tlog
C:\SRC\PYPARALLEL\PCBUILD\X64-TEMP-RELEASE\PYTHONCORE\PYTHONRUN.COD
C:\SRC\PYPARALLEL\PCBUILD\X64-TEMP-RELEASE\PYTHONCORE\PYTHONRUN.OBJ
C:\SRC\PYPARALLEL\PCBUILD\X64-TEMP-RELEASE\PYTHONCORE\PYTHONRUN.SBR
C:\SRC\PYPARALLEL\PCBUILD\X64-TEMP-RELEASE\PYTHONCORE\PYTIME.COD
C:\SRC\PYPARALLEL\PCBUILD\X64-TEMP-RELEASE\PYTHONCORE\PYTIME.OBJ
C:\SRC\PYPARALLEL\PCBUILD\X64-TEMP-RELEASE\PYTHONCORE\PYTIME.SBR
C:\SRC\PYPARALLEL\PCBUILD\X64-TEMP-RELEASE\PYTHONCORE\RANDOM.COD
C:\SRC\PYPARALLEL\PCBUILD\X64-TEMP-RELEASE\PYTHONCORE\RANDOM.OBJ
C:\SRC\PYPARALLEL\PCBUILD\X64-TEMP-RELEASE\PYTHONCORE\RANDOM.SBR
C:\SRC\PYPARALLEL\PCBUILD\X64-TEMP-RELEASE\PYTHONCORE\RANGEOBJECT.COD
C:\SRC\PYPARALLEL\PCBUILD\X64-TEMP-RELEASE\PYTHONCORE\RANGEOBJECT.OBJ
C:\SRC\PYPARALLEL\PCBUILD\X64-TEMP-RELEASE\PYTHONCORE\RANGEOBJECT.SBR
c:\src\pyparallel\PCbuild\x64-temp-Release\pythoncore\rc.command.1.tlog
c:\src\pyparallel\PCbuild\x64-temp-Release\pythoncore\rc.read.1.tlog
c:\src\pyparallel\PCbuild\x64-temp-Release\pythoncore\rc.write.1.tlog
C:\SRC\PYPARALLEL\PCBUILD\X64-TEMP-RELEASE\PYTHONCORE\ROTATINGTREE.COD
C:\SRC\PYPARALLEL\PCBUILD\X64-TEMP-RELEASE\PYTHONCORE\ROTATINGTREE.OBJ
C:\SRC\PYPARALLEL\PCBUILD\X64-TEMP-RELEASE\PYTHONCORE\ROTATINGTREE.SBR
C:\SRC\PYPARALLEL\PCBUILD\X64-TEMP-RELEASE\PYTHONCORE\SETOBJECT.COD
C:\SRC\PYPARALLEL\PCBUILD\X64-TEMP-RELEASE\PYTHONCORE\SETOBJECT.OBJ
C:\SRC\PYPARALLEL\PCBUILD\X64-TEMP-RELEASE\PYTHONCORE\SETOBJECT.SBR
C:\SRC\PYPARALLEL\PCBUILD\X64-TEMP-RELEASE\PYTHONCORE\SHA1MODULE.COD
C:\SRC\PYPARALLEL\PCBUILD\X64-TEMP-RELEASE\PYTHONCORE\SHA1MODULE.OBJ
C:\SRC\PYPARALLEL\PCBUILD\X64-TEMP-RELEASE\PYTHONCORE\SHA1MODULE.SBR
C:\SRC\PYPARALLEL\PCBUILD\X64-TEMP-RELEASE\PYTHONCORE\SHA256MODULE.COD
C:\SRC\PYPARALLEL\PCBUILD\X64-TEMP-RELEASE\PYTHONCORE\SHA256MODULE.OBJ
C:\SRC\PYPARALLEL\PCBUILD\X64-TEMP-RELEASE\PYTHONCORE\SHA256MODULE.SBR
C:\SRC\PYPARALLEL\PCBUILD\X64-TEMP-RELEASE\PYTHONCORE\SHA512MODULE.COD
C:\SRC\PYPARALLEL\PCBUILD\X64-TEMP-RELEASE\PYTHONCORE\SHA512MODULE.OBJ
C:\SRC\PYPARALLEL\PCBUILD\X64-TEMP-RELEASE\PYTHONCORE\SHA512MODULE.SBR
C:\SRC\PYPARALLEL\PCBUILD\X64-TEMP-RELEASE\PYTHONCORE\SIGNALMODULE.COD
C:\SRC\PYPARALLEL\PCBUILD\X64-TEMP-RELEASE\PYTHONCORE\SIGNALMODULE.OBJ
C:\SRC\PYPARALLEL\PCBUILD\X64-TEMP-RELEASE\PYTHONCORE\SIGNALMODULE.SBR
C:\SRC\PYPARALLEL\PCBUILD\X64-TEMP-RELEASE\PYTHONCORE\SLICEOBJECT.COD
C:\SRC\PYPARALLEL\PCBUILD\X64-TEMP-RELEASE\PYTHONCORE\SLICEOBJECT.OBJ
C:\SRC\PYPARALLEL\PCBUILD\X64-TEMP-RELEASE\PYTHONCORE\SLICEOBJECT.SBR
C:\SRC\PYPARALLEL\PCBUILD\X64-TEMP-RELEASE\PYTHONCORE\STRINGIO.COD
C:\SRC\PYPARALLEL\PCBUILD\X64-TEMP-RELEASE\PYTHONCORE\STRINGIO.OBJ
C:\SRC\PYPARALLEL\PCBUILD\X64-TEMP-RELEASE\PYTHONCORE\STRINGIO.SBR
C:\SRC\PYPARALLEL\PCBUILD\X64-TEMP-RELEASE\PYTHONCORE\STRUCTMEMBER.COD
C:\SRC\PYPARALLEL\PCBUILD\X64-TEMP-RELEASE\PYTHONCORE\STRUCTMEMBER.OBJ
C:\SRC\PYPARALLEL\PCBUILD\X64-TEMP-RELEASE\PYTHONCORE\STRUCTMEMBER.SBR
C:\SRC\PYPARALLEL\PCBUILD\X64-TEMP-RELEASE\PYTHONCORE\STRUCTSEQ.COD
C:\SRC\PYPARALLEL\PCBUILD\X64-TEMP-RELEASE\PYTHONCORE\STRUCTSEQ.OBJ
C:\SRC\PYPARALLEL\PCBUILD\X64-TEMP-RELEASE\PYTHONCORE\STRUCTSEQ.SBR
C:\SRC\PYPARALLEL\PCBUILD\X64-TEMP-RELEASE\PYTHONCORE\SYMTABLE.COD
C:\SRC\PYPARALLEL\PCBUILD\X64-TEMP-RELEASE\PYTHONCORE\SYMTABLE.OBJ
C:\SRC\PYPARALLEL\PCBUILD\X64-TEMP-RELEASE\PYTHONCORE\SYMTABLE.SBR
C:\SRC\PYPARALLEL\PCBUILD\X64-TEMP-RELEASE\PYTHONCORE\SYMTABLEMODULE.COD
C:\SRC\PYPARALLEL\PCBUILD\X64-TEMP-RELEASE\PYTHONCORE\SYMTABLEMODULE.OBJ
C:\SRC\PYPARALLEL\PCBUILD\X64-TEMP-RELEASE\PYTHONCORE\SYMTABLEMODULE.SBR
C:\SRC\PYPARALLEL\PCBUILD\X64-TEMP-RELEASE\PYTHONCORE\SYSMODULE.COD
C:\SRC\PYPARALLEL\PCBUILD\X64-TEMP-RELEASE\PYTHONCORE\SYSMODULE.OBJ
C:\SRC\PYPARALLEL\PCBUILD\X64-TEMP-RELEASE\PYTHONCORE\SYSMODULE.SBR
C:\SRC\PYPARALLEL\PCBUILD\X64-TEMP-RELEASE\PYTHONCORE\TEXTIO.COD
C:\SRC\PYPARALLEL\PCBUILD\X64-TEMP-RELEASE\PYTHONCORE\TEXTIO.OBJ
C:\SRC\PYPARALLEL\PCBUILD\X64-TEMP-RELEASE\PYTHONCORE\TEXTIO.SBR
C:\SRC\PYPARALLEL\PCBUILD\X64-TEMP-RELEASE\PYTHONCORE\THREAD.COD
C:\SRC\PYPARALLEL\PCBUILD\X64-TEMP-RELEASE\PYTHONCORE\THREAD.OBJ
C:\SRC\PYPARALLEL\PCBUILD\X64-TEMP-RELEASE\PYTHONCORE\THREAD.SBR
C:\SRC\PYPARALLEL\PCBUILD\X64-TEMP-RELEASE\PYTHONCORE\TIMEMODULE.COD
C:\SRC\PYPARALLEL\PCBUILD\X64-TEMP-RELEASE\PYTHONCORE\TIMEMODULE.OBJ
C:\SRC\PYPARALLEL\PCBUILD\X64-TEMP-RELEASE\PYTHONCORE\TIMEMODULE.SBR
C:\SRC\PYPARALLEL\PCBUILD\X64-TEMP-RELEASE\PYTHONCORE\TOKENIZER.COD
C:\SRC\PYPARALLEL\PCBUILD\X64-TEMP-RELEASE\PYTHONCORE\TOKENIZER.OBJ
C:\SRC\PYPARALLEL\PCBUILD\X64-TEMP-RELEASE\PYTHONCORE\TOKENIZER.SBR
C:\SRC\PYPARALLEL\PCBUILD\X64-TEMP-RELEASE\PYTHONCORE\TRACEBACK.COD
C:\SRC\PYPARALLEL\PCBUILD\X64-TEMP-RELEASE\PYTHONCORE\TRACEBACK.OBJ
C:\SRC\PYPARALLEL\PCBUILD\X64-TEMP-RELEASE\PYTHONCORE\TRACEBACK.SBR
C:\SRC\PYPARALLEL\PCBUILD\X64-TEMP-RELEASE\PYTHONCORE\TREES.COD
C:\SRC\PYPARALLEL\PCBUILD\X64-TEMP-RELEASE\PYTHONCORE\TREES.OBJ
C:\SRC\PYPARALLEL\PCBUILD\X64-TEMP-RELEASE\PYTHONCORE\TREES.SBR
C:\SRC\PYPARALLEL\PCBUILD\X64-TEMP-RELEASE\PYTHONCORE\TUPLEOBJECT.COD
C:\SRC\PYPARALLEL\PCBUILD\X64-TEMP-RELEASE\PYTHONCORE\TUPLEOBJECT.OBJ
C:\SRC\PYPARALLEL\PCBUILD\X64-TEMP-RELEASE\PYTHONCORE\TUPLEOBJECT.SBR
C:\SRC\PYPARALLEL\PCBUILD\X64-TEMP-RELEASE\PYTHONCORE\TYPEOBJECT.COD
C:\SRC\PYPARALLEL\PCBUILD\X64-TEMP-RELEASE\PYTHONCORE\TYPEOBJECT.OBJ
C:\SRC\PYPARALLEL\PCBUILD\X64-TEMP-RELEASE\PYTHONCORE\TYPEOBJECT.SBR
C:\SRC\PYPARALLEL\PCBUILD\X64-TEMP-RELEASE\PYTHONCORE\UNCOMPR.COD
C:\SRC\PYPARALLEL\PCBUILD\X64-TEMP-RELEASE\PYTHONCORE\UNCOMPR.OBJ
C:\SRC\PYPARALLEL\PCBUILD\X64-TEMP-RELEASE\PYTHONCORE\UNCOMPR.SBR
C:\SRC\PYPARALLEL\PCBUILD\X64-TEMP-RELEASE\PYTHONCORE\UNICODECTYPE.COD
C:\SRC\PYPARALLEL\PCBUILD\X64-TEMP-RELEASE\PYTHONCORE\UNICODECTYPE.OBJ
C:\SRC\PYPARALLEL\PCBUILD\X64-TEMP-RELEASE\PYTHONCORE\UNICODECTYPE.SBR
C:\SRC\PYPARALLEL\PCBUILD\X64-TEMP-RELEASE\PYTHONCORE\UNICODEOBJECT.COD
C:\SRC\PYPARALLEL\PCBUILD\X64-TEMP-RELEASE\PYTHONCORE\UNICODEOBJECT.OBJ
C:\SRC\PYPARALLEL\PCBUILD\X64-TEMP-RELEASE\PYTHONCORE\UNICODEOBJECT.SBR
C:\SRC\PYPARALLEL\PCBUILD\X64-TEMP-RELEASE\PYTHONCORE\VC100.PDB
C:\SRC\PYPARALLEL\PCBUILD\X64-TEMP-RELEASE\PYTHONCORE\WEAKREFOBJECT.COD
C:\SRC\PYPARALLEL\PCBUILD\X64-TEMP-RELEASE\PYTHONCORE\WEAKREFOBJECT.OBJ
C:\SRC\PYPARALLEL\PCBUILD\X64-TEMP-RELEASE\PYTHONCORE\WEAKREFOBJECT.SBR
C:\SRC\PYPARALLEL\PCBUILD\X64-TEMP-RELEASE\PYTHONCORE\WINREG.COD
C:\SRC\PYPARALLEL\PCBUILD\X64-TEMP-RELEASE\PYTHONCORE\WINREG.OBJ
C:\SRC\PYPARALLEL\PCBUILD\X64-TEMP-RELEASE\PYTHONCORE\WINREG.SBR
C:\SRC\PYPARALLEL\PCBUILD\X64-TEMP-RELEASE\PYTHONCORE\XXSUBTYPE.COD
C:\SRC\PYPARALLEL\PCBUILD\X64-TEMP-RELEASE\PYTHONCORE\XXSUBTYPE.OBJ
C:\SRC\PYPARALLEL\PCBUILD\X64-TEMP-RELEASE\PYTHONCORE\XXSUBTYPE.SBR
C:\SRC\PYPARALLEL\PCBUILD\X64-TEMP-RELEASE\PYTHONCORE\ZIPIMPORT.COD
C:\SRC\PYPARALLEL\PCBUILD\X64-TEMP-RELEASE\PYTHONCORE\ZIPIMPORT.OBJ
C:\SRC\PYPARALLEL\PCBUILD\X64-TEMP-RELEASE\PYTHONCORE\ZIPIMPORT.SBR
C:\SRC\PYPARALLEL\PCBUILD\X64-TEMP-RELEASE\PYTHONCORE\ZLIBMODULE.COD
C:\SRC\PYPARALLEL\PCBUILD\X64-TEMP-RELEASE\PYTHONCORE\ZLIBMODULE.OBJ
C:\SRC\PYPARALLEL\PCBUILD\X64-TEMP-RELEASE\PYTHONCORE\ZLIBMODULE.SBR
C:\SRC\PYPARALLEL\PCBUILD\X64-TEMP-RELEASE\PYTHONCORE\ZUTIL.COD
C:\SRC\PYPARALLEL\PCBUILD\X64-TEMP-RELEASE\PYTHONCORE\ZUTIL.OBJ
C:\SRC\PYPARALLEL\PCBUILD\X64-TEMP-RELEASE\PYTHONCORE\ZUTIL.SBR
