C:\SRC\PYPARALLEL\PCBUILD\AMD64\PY_D.EXE
C:\SRC\PYPARALLEL\PCBUILD\AMD64\PY_D.ILK
C:\SRC\PYPARALLEL\PCBUILD\AMD64\PY_D.PDB
c:\src\pyparallel\PCbuild\x64-temp-Debug\pylauncher\cl.command.1.tlog
c:\src\pyparallel\PCbuild\x64-temp-Debug\pylauncher\CL.read.1.tlog
c:\src\pyparallel\PCbuild\x64-temp-Debug\pylauncher\CL.write.1.tlog
C:\SRC\PYPARALLEL\PCBUILD\X64-TEMP-DEBUG\PYLAUNCHER\LAUNCHER.OBJ
c:\src\pyparallel\PCbuild\x64-temp-Debug\pylauncher\link.command.1.tlog
c:\src\pyparallel\PCbuild\x64-temp-Debug\pylauncher\link.read.1.tlog
c:\src\pyparallel\PCbuild\x64-temp-Debug\pylauncher\link.write.1.tlog
c:\src\pyparallel\PCbuild\x64-temp-Debug\pylauncher\link-cvtres.read.1.tlog
c:\src\pyparallel\PCbuild\x64-temp-Debug\pylauncher\link-cvtres.write.1.tlog
c:\src\pyparallel\PCbuild\x64-temp-Debug\pylauncher\mt.command.1.tlog
c:\src\pyparallel\PCbuild\x64-temp-Debug\pylauncher\mt.read.1.tlog
c:\src\pyparallel\PCbuild\x64-temp-Debug\pylauncher\mt.write.1.tlog
C:\SRC\PYPARALLEL\PCBUILD\X64-TEMP-DEBUG\PYLAUNCHER\PY_D.EXE.INTERMEDIATE.MANIFEST
C:\SRC\PYPARALLEL\PCBUILD\X64-TEMP-DEBUG\PYLAUNCHER\PYLAUNCHER.RES
c:\src\pyparallel\PCbuild\x64-temp-Debug\pylauncher\pylauncher.write.1.tlog
c:\src\pyparallel\PCbuild\x64-temp-Debug\pylauncher\rc.command.1.tlog
c:\src\pyparallel\PCbuild\x64-temp-Debug\pylauncher\rc.read.1.tlog
c:\src\pyparallel\PCbuild\x64-temp-Debug\pylauncher\rc.write.1.tlog
c:\src\pyparallel\PCbuild\x64-temp-Debug\pylauncher\vc100.idb
C:\SRC\PYPARALLEL\PCBUILD\X64-TEMP-DEBUG\PYLAUNCHER\VC100.PDB
