Build started 8/17/2014 9:20:04 AM.
     1>Project "C:\src\pyparallel\PCbuild\_bz2.vcxproj" on node 8 (build target(s)).
     1>InitializeBuildStatus:
         Creating "C:\src\pyparallel\PCbuild\x64-temp-Debug\_bz2\_bz2.unsuccessfulbuild" because "AlwaysCreate" was specified.
       ClCompile:
         All outputs are up-to-date.
       Link:
         C:\Program Files (x86)\Microsoft Visual Studio 10.0\VC\bin\x86_amd64\link.exe /ERRORREPORT:PROMPT /OUT:"C:\src\pyparallel\PCbuild\amd64\_bz2_d.pyd" /INCREMENTAL:NO /NOLOGO /LIBPATH:C:\src\pyparallel\PCbuild\amd64\ kernel32.lib user32.lib gdi32.lib winspool.lib comdlg32.lib advapi32.lib shell32.lib ole32.lib oleaut32.lib uuid.lib odbc32.lib odbccp32.lib /MANIFEST:NO /DEBUG /PDB:"C:\src\pyparallel\PCbuild\amd64\_bz2_d.pdb" /SUBSYSTEM:WINDOWS /TLBID:1 /BASE:"0x1D170000" /DYNAMICBASE:NO /IMPLIB:"C:\src\pyparallel\PCbuild\amd64\_bz2_d.lib" /MACHINE:X64 /DLL "C:\src\pyparallel\PCbuild\x64-temp-Debug\_bz2\_bz2module.obj"
         "C:\src\pyparallel\PCbuild\x64-temp-Debug\_bz2\blocksort.obj"
         "C:\src\pyparallel\PCbuild\x64-temp-Debug\_bz2\bzlib.obj"
         "C:\src\pyparallel\PCbuild\x64-temp-Debug\_bz2\compress.obj"
         "C:\src\pyparallel\PCbuild\x64-temp-Debug\_bz2\crctable.obj"
         "C:\src\pyparallel\PCbuild\x64-temp-Debug\_bz2\decompress.obj"
         "C:\src\pyparallel\PCbuild\x64-temp-Debug\_bz2\huffman.obj"
         "C:\src\pyparallel\PCbuild\x64-temp-Debug\_bz2\randtable.obj"
         C:\src\pyparallel\PCbuild\amd64\python33_d.lib
            Creating library C:\src\pyparallel\PCbuild\amd64\_bz2_d.lib and object C:\src\pyparallel\PCbuild\amd64\_bz2_d.exp
         _bz2.vcxproj -> C:\src\pyparallel\PCbuild\amd64\_bz2_d.pyd
       FinalizeBuildStatus:
         Deleting file "C:\src\pyparallel\PCbuild\x64-temp-Debug\_bz2\_bz2.unsuccessfulbuild".
         Touching "C:\src\pyparallel\PCbuild\x64-temp-Debug\_bz2\_bz2.lastbuildstate".
     1>Done Building Project "C:\src\pyparallel\PCbuild\_bz2.vcxproj" (build target(s)).

Build succeeded.

Time Elapsed 00:00:00.25
