c:\src\pyparallel\PCbuild\amd64\_bz2_d.exp
c:\src\pyparallel\PCbuild\amd64\_bz2_d.lib
C:\SRC\PYPARALLEL\PCBUILD\AMD64\_BZ2_D.PDB
C:\SRC\PYPARALLEL\PCBUILD\AMD64\_BZ2_D.PYD
c:\src\pyparallel\PCbuild\x64-temp-Debug\_bz2\_bz2.write.1.tlog
C:\SRC\PYPARALLEL\PCBUILD\X64-TEMP-DEBUG\_BZ2\_BZ2MODULE.OBJ
C:\SRC\PYPARALLEL\PCBUILD\X64-TEMP-DEBUG\_BZ2\BLOCKSORT.OBJ
C:\SRC\PYPARALLEL\PCBUILD\X64-TEMP-DEBUG\_BZ2\BZLIB.OBJ
c:\src\pyparallel\PCbuild\x64-temp-Debug\_bz2\cl.command.1.tlog
c:\src\pyparallel\PCbuild\x64-temp-Debug\_bz2\CL.read.1.tlog
c:\src\pyparallel\PCbuild\x64-temp-Debug\_bz2\CL.write.1.tlog
C:\SRC\PYPARALLEL\PCBUILD\X64-TEMP-DEBUG\_BZ2\COMPRESS.OBJ
C:\SRC\PYPARALLEL\PCBUILD\X64-TEMP-DEBUG\_BZ2\CRCTABLE.OBJ
C:\SRC\PYPARALLEL\PCBUILD\X64-TEMP-DEBUG\_BZ2\DECOMPRESS.OBJ
C:\SRC\PYPARALLEL\PCBUILD\X64-TEMP-DEBUG\_BZ2\HUFFMAN.OBJ
c:\src\pyparallel\PCbuild\x64-temp-Debug\_bz2\link.command.1.tlog
c:\src\pyparallel\PCbuild\x64-temp-Debug\_bz2\link.read.1.tlog
c:\src\pyparallel\PCbuild\x64-temp-Debug\_bz2\link.write.1.tlog
C:\SRC\PYPARALLEL\PCBUILD\X64-TEMP-DEBUG\_BZ2\RANDTABLE.OBJ
C:\SRC\PYPARALLEL\PCBUILD\X64-TEMP-DEBUG\_BZ2\VC100.PDB
